{"meta": {"format": 3, "version": "7.10.2", "timestamp": "2025-10-07T11:52:47.698222", "branch_coverage": false, "show_contexts": false}, "files": {"r2morph/__init__.py": {"executed_lines": [1, 8, 9, 10, 12, 13, 14, 16], "summary": {"covered_lines": 7, "num_statements": 7, "percent_covered": 100.0, "percent_covered_display": "100", "missing_lines": 0, "excluded_lines": 0}, "missing_lines": [], "excluded_lines": [], "functions": {"": {"executed_lines": [1, 8, 9, 10, 12, 13, 14, 16], "summary": {"covered_lines": 7, "num_statements": 7, "percent_covered": 100.0, "percent_covered_display": "100", "missing_lines": 0, "excluded_lines": 0}, "missing_lines": [], "excluded_lines": []}}, "classes": {"": {"executed_lines": [1, 8, 9, 10, 12, 13, 14, 16], "summary": {"covered_lines": 7, "num_statements": 7, "percent_covered": 100.0, "percent_covered_display": "100", "missing_lines": 0, "excluded_lines": 0}, "missing_lines": [], "excluded_lines": []}}}, "r2morph/analysis/__init__.py": {"executed_lines": [1, 5, 6, 7, 8, 9, 16], "summary": {"covered_lines": 6, "num_statements": 6, "percent_covered": 100.0, "percent_covered_display": "100", "missing_lines": 0, "excluded_lines": 0}, "missing_lines": [], "excluded_lines": [], "functions": {"": {"executed_lines": [1, 5, 6, 7, 8, 9, 16], "summary": {"covered_lines": 6, "num_statements": 6, "percent_covered": 100.0, "percent_covered_display": "100", "missing_lines": 0, "excluded_lines": 0}, "missing_lines": [], "excluded_lines": []}}, "classes": {"": {"executed_lines": [1, 5, 6, 7, 8, 9, 16], "summary": {"covered_lines": 6, "num_statements": 6, "percent_covered": 100.0, "percent_covered_display": "100", "missing_lines": 0, "excluded_lines": 0}, "missing_lines": [], "excluded_lines": []}}}, "r2morph/analysis/analyzer.py": {"executed_lines": [1, 5, 6, 8, 9, 10, 12, 15, 16, 26, 33, 35, 42, 43, 45, 46, 48, 49, 50, 54, 56, 58, 68, 69, 71, 78, 79, 81, 82, 83, 85, 87, 98, 99, 101, 108, 109, 111, 113, 114, 115, 117, 119, 131, 132, 134, 141, 142, 144, 145, 146, 148, 149, 150, 151, 152, 154, 166, 176, 177, 179, 180, 181, 183, 186, 188, 189], "summary": {"covered_lines": 65, "num_statements": 72, "percent_covered": 90.27777777777777, "percent_covered_display": "90", "missing_lines": 7, "excluded_lines": 0}, "missing_lines": [51, 52, 88, 89, 120, 121, 184], "excluded_lines": [], "functions": {"BinaryAnalyzer.__init__": {"executed_lines": [33], "summary": {"covered_lines": 1, "num_statements": 1, "percent_covered": 100.0, "percent_covered_display": "100", "missing_lines": 0, "excluded_lines": 0}, "missing_lines": [], "excluded_lines": []}, "BinaryAnalyzer.get_functions_list": {"executed_lines": [42, 43, 45, 46, 48, 49, 50, 54, 56], "summary": {"covered_lines": 9, "num_statements": 11, "percent_covered": 81.81818181818181, "percent_covered_display": "82", "missing_lines": 2, "excluded_lines": 0}, "missing_lines": [51, 52], "excluded_lines": []}, "BinaryAnalyzer.get_instructions_for_function": {"executed_lines": [68, 69], "summary": {"covered_lines": 2, "num_statements": 2, "percent_covered": 100.0, "percent_covered_display": "100", "missing_lines": 0, "excluded_lines": 0}, "missing_lines": [], "excluded_lines": []}, "BinaryAnalyzer.find_nop_insertion_candidates": {"executed_lines": [78, 79, 81, 82, 83, 85, 87, 98, 99], "summary": {"covered_lines": 9, "num_statements": 11, "percent_covered": 81.81818181818181, "percent_covered_display": "82", "missing_lines": 2, "excluded_lines": 0}, "missing_lines": [88, 89], "excluded_lines": []}, "BinaryAnalyzer.find_substitution_candidates": {"executed_lines": [108, 109, 111, 113, 114, 115, 117, 119, 131, 132], "summary": {"covered_lines": 10, "num_statements": 12, "percent_covered": 83.33333333333333, "percent_covered_display": "83", "missing_lines": 2, "excluded_lines": 0}, "missing_lines": [120, 121], "excluded_lines": []}, "BinaryAnalyzer.get_statistics": {"executed_lines": [141, 142, 144, 145, 146, 148, 149, 150, 151, 152, 154], "summary": {"covered_lines": 11, "num_statements": 11, "percent_covered": 100.0, "percent_covered_display": "100", "missing_lines": 0, "excluded_lines": 0}, "missing_lines": [], "excluded_lines": []}, "BinaryAnalyzer.identify_hot_functions": {"executed_lines": [176, 177, 179, 180, 181, 183, 186, 188, 189], "summary": {"covered_lines": 9, "num_statements": 10, "percent_covered": 90.0, "percent_covered_display": "90", "missing_lines": 1, "excluded_lines": 0}, "missing_lines": [184], "excluded_lines": []}, "": {"executed_lines": [1, 5, 6, 8, 9, 10, 12, 15, 16, 26, 35, 58, 71, 101, 134, 166], "summary": {"covered_lines": 14, "num_statements": 14, "percent_covered": 100.0, "percent_covered_display": "100", "missing_lines": 0, "excluded_lines": 0}, "missing_lines": [], "excluded_lines": []}}, "classes": {"BinaryAnalyzer": {"executed_lines": [33, 42, 43, 45, 46, 48, 49, 50, 54, 56, 68, 69, 78, 79, 81, 82, 83, 85, 87, 98, 99, 108, 109, 111, 113, 114, 115, 117, 119, 131, 132, 141, 142, 144, 145, 146, 148, 149, 150, 151, 152, 154, 176, 177, 179, 180, 181, 183, 186, 188, 189], "summary": {"covered_lines": 51, "num_statements": 58, "percent_covered": 87.93103448275862, "percent_covered_display": "88", "missing_lines": 7, "excluded_lines": 0}, "missing_lines": [51, 52, 88, 89, 120, 121, 184], "excluded_lines": []}, "": {"executed_lines": [1, 5, 6, 8, 9, 10, 12, 15, 16, 26, 35, 58, 71, 101, 134, 166], "summary": {"covered_lines": 14, "num_statements": 14, "percent_covered": 100.0, "percent_covered_display": "100", "missing_lines": 0, "excluded_lines": 0}, "missing_lines": [], "excluded_lines": []}}}, "r2morph/analysis/cfg.py": {"executed_lines": [1, 7, 8, 9, 11, 13, 16, 17, 18, 27, 28, 29, 30, 31, 32, 34, 35, 37, 39, 40, 42, 44, 45, 47, 51, 56, 57, 58, 64, 65, 66, 67, 68, 70, 72, 73, 74, 76, 78, 79, 80, 82, 83, 84, 85, 87, 91, 98, 105, 144, 163, 180, 210, 218, 219, 223, 230, 232, 243, 248, 249, 254, 255, 256, 258, 259, 261, 264, 265, 266, 267, 273, 280, 282, 283, 285, 289, 293, 297, 299], "summary": {"covered_lines": 73, "num_statements": 156, "percent_covered": 46.794871794871796, "percent_covered_display": "47", "missing_lines": 83, "excluded_lines": 8}, "missing_lines": [49, 53, 89, 93, 94, 95, 96, 100, 101, 102, 103, 114, 115, 117, 119, 120, 122, 123, 124, 126, 127, 128, 129, 130, 131, 133, 134, 135, 136, 138, 139, 140, 142, 153, 154, 156, 157, 158, 159, 161, 173, 174, 175, 177, 178, 187, 194, 195, 196, 197, 199, 204, 205, 207, 208, 250, 251, 252, 260, 262, 270, 271, 286, 287, 290, 291, 306, 307, 308, 310, 311, 313, 315, 316, 317, 319, 320, 321, 322, 323, 324, 326, 327], "excluded_lines": [34, 35, 210, 211, 212, 213, 214, 215], "functions": {"BasicBlock.__repr__": {"executed_lines": [35], "summary": {"covered_lines": 0, "num_statements": 0, "percent_covered": 100.0, "percent_covered_display": "100", "missing_lines": 0, "excluded_lines": 1}, "missing_lines": [], "excluded_lines": [35]}, "BasicBlock.add_successor": {"executed_lines": [39, 40], "summary": {"covered_lines": 2, "num_statements": 2, "percent_covered": 100.0, "percent_covered_display": "100", "missing_lines": 0, "excluded_lines": 0}, "missing_lines": [], "excluded_lines": []}, "BasicBlock.add_predecessor": {"executed_lines": [44, 45], "summary": {"covered_lines": 2, "num_statements": 2, "percent_covered": 100.0, "percent_covered_display": "100", "missing_lines": 0, "excluded_lines": 0}, "missing_lines": [], "excluded_lines": []}, "BasicBlock.is_conditional": {"executed_lines": [], "summary": {"covered_lines": 0, "num_statements": 1, "percent_covered": 0.0, "percent_covered_display": "0", "missing_lines": 1, "excluded_lines": 0}, "missing_lines": [49], "excluded_lines": []}, "BasicBlock.is_return": {"executed_lines": [], "summary": {"covered_lines": 0, "num_statements": 1, "percent_covered": 0.0, "percent_covered_display": "0", "missing_lines": 1, "excluded_lines": 0}, "missing_lines": [53], "excluded_lines": []}, "ControlFlowGraph.add_block": {"executed_lines": [72, 73, 74], "summary": {"covered_lines": 3, "num_statements": 3, "percent_covered": 100.0, "percent_covered_display": "100", "missing_lines": 0, "excluded_lines": 0}, "missing_lines": [], "excluded_lines": []}, "ControlFlowGraph.add_edge": {"executed_lines": [78, 79, 80, 82, 83, 84, 85], "summary": {"covered_lines": 7, "num_statements": 7, "percent_covered": 100.0, "percent_covered_display": "100", "missing_lines": 0, "excluded_lines": 0}, "missing_lines": [], "excluded_lines": []}, "ControlFlowGraph.get_block": {"executed_lines": [], "summary": {"covered_lines": 0, "num_statements": 1, "percent_covered": 0.0, "percent_covered_display": "0", "missing_lines": 1, "excluded_lines": 0}, "missing_lines": [89], "excluded_lines": []}, "ControlFlowGraph.get_successors": {"executed_lines": [], "summary": {"covered_lines": 0, "num_statements": 4, "percent_covered": 0.0, "percent_covered_display": "0", "missing_lines": 4, "excluded_lines": 0}, "missing_lines": [93, 94, 95, 96], "excluded_lines": []}, "ControlFlowGraph.get_predecessors": {"executed_lines": [], "summary": {"covered_lines": 0, "num_statements": 4, "percent_covered": 0.0, "percent_covered_display": "0", "missing_lines": 4, "excluded_lines": 0}, "missing_lines": [100, 101, 102, 103], "excluded_lines": []}, "ControlFlowGraph.compute_dominators": {"executed_lines": [], "summary": {"covered_lines": 0, "num_statements": 22, "percent_covered": 0.0, "percent_covered_display": "0", "missing_lines": 22, "excluded_lines": 0}, "missing_lines": [114, 115, 117, 119, 120, 122, 123, 124, 126, 127, 128, 129, 130, 131, 133, 134, 135, 136, 138, 139, 140, 142], "excluded_lines": []}, "ControlFlowGraph.find_loops": {"executed_lines": [], "summary": {"covered_lines": 0, "num_statements": 7, "percent_covered": 0.0, "percent_covered_display": "0", "missing_lines": 7, "excluded_lines": 0}, "missing_lines": [153, 154, 156, 157, 158, 159, 161], "excluded_lines": []}, "ControlFlowGraph.get_complexity": {"executed_lines": [], "summary": {"covered_lines": 0, "num_statements": 5, "percent_covered": 0.0, "percent_covered_display": "0", "missing_lines": 5, "excluded_lines": 0}, "missing_lines": [173, 174, 175, 177, 178], "excluded_lines": []}, "ControlFlowGraph.to_dot": {"executed_lines": [], "summary": {"covered_lines": 0, "num_statements": 10, "percent_covered": 0.0, "percent_covered_display": "0", "missing_lines": 10, "excluded_lines": 0}, "missing_lines": [187, 194, 195, 196, 197, 199, 204, 205, 207, 208], "excluded_lines": []}, "ControlFlowGraph.__repr__": {"executed_lines": [], "summary": {"covered_lines": 0, "num_statements": 0, "percent_covered": 100.0, "percent_covered_display": "100", "missing_lines": 0, "excluded_lines": 5}, "missing_lines": [], "excluded_lines": [211, 212, 213, 214, 215]}, "CFGBuilder.__init__": {"executed_lines": [230], "summary": {"covered_lines": 1, "num_statements": 1, "percent_covered": 100.0, "percent_covered_display": "100", "missing_lines": 0, "excluded_lines": 0}, "missing_lines": [], "excluded_lines": []}, "CFGBuilder.build_cfg": {"executed_lines": [243, 248, 249, 254, 255, 256, 258, 259, 261, 264, 265, 266, 267, 273, 280, 282, 283, 285, 289, 293, 297], "summary": {"covered_lines": 21, "num_statements": 32, "percent_covered": 65.625, "percent_covered_display": "66", "missing_lines": 11, "excluded_lines": 0}, "missing_lines": [250, 251, 252, 260, 262, 270, 271, 286, 287, 290, 291], "excluded_lines": []}, "CFGBuilder.build_all_cfgs": {"executed_lines": [], "summary": {"covered_lines": 0, "num_statements": 17, "percent_covered": 0.0, "percent_covered_display": "0", "missing_lines": 17, "excluded_lines": 0}, "missing_lines": [306, 307, 308, 310, 311, 313, 315, 316, 317, 319, 320, 321, 322, 323, 324, 326, 327], "excluded_lines": []}, "": {"executed_lines": [1, 7, 8, 9, 11, 13, 16, 17, 18, 27, 28, 29, 30, 31, 32, 34, 37, 42, 47, 51, 56, 57, 58, 64, 65, 66, 67, 68, 70, 76, 87, 91, 98, 105, 144, 163, 180, 210, 218, 219, 223, 232, 299], "summary": {"covered_lines": 37, "num_statements": 37, "percent_covered": 100.0, "percent_covered_display": "100", "missing_lines": 0, "excluded_lines": 2}, "missing_lines": [], "excluded_lines": [34, 210]}}, "classes": {"BasicBlock": {"executed_lines": [35, 39, 40, 44, 45], "summary": {"covered_lines": 4, "num_statements": 6, "percent_covered": 66.66666666666667, "percent_covered_display": "67", "missing_lines": 2, "excluded_lines": 1}, "missing_lines": [49, 53], "excluded_lines": [35]}, "ControlFlowGraph": {"executed_lines": [72, 73, 74, 78, 79, 80, 82, 83, 84, 85], "summary": {"covered_lines": 10, "num_statements": 63, "percent_covered": 15.873015873015873, "percent_covered_display": "16", "missing_lines": 53, "excluded_lines": 5}, "missing_lines": [89, 93, 94, 95, 96, 100, 101, 102, 103, 114, 115, 117, 119, 120, 122, 123, 124, 126, 127, 128, 129, 130, 131, 133, 134, 135, 136, 138, 139, 140, 142, 153, 154, 156, 157, 158, 159, 161, 173, 174, 175, 177, 178, 187, 194, 195, 196, 197, 199, 204, 205, 207, 208], "excluded_lines": [211, 212, 213, 214, 215]}, "CFGBuilder": {"executed_lines": [230, 243, 248, 249, 254, 255, 256, 258, 259, 261, 264, 265, 266, 267, 273, 280, 282, 283, 285, 289, 293, 297], "summary": {"covered_lines": 22, "num_statements": 50, "percent_covered": 44.0, "percent_covered_display": "44", "missing_lines": 28, "excluded_lines": 0}, "missing_lines": [250, 251, 252, 260, 262, 270, 271, 286, 287, 290, 291, 306, 307, 308, 310, 311, 313, 315, 316, 317, 319, 320, 321, 322, 323, 324, 326, 327], "excluded_lines": []}, "": {"executed_lines": [1, 7, 8, 9, 11, 13, 16, 17, 18, 27, 28, 29, 30, 31, 32, 34, 37, 42, 47, 51, 56, 57, 58, 64, 65, 66, 67, 68, 70, 76, 87, 91, 98, 105, 144, 163, 180, 210, 218, 219, 223, 232, 299], "summary": {"covered_lines": 37, "num_statements": 37, "percent_covered": 100.0, "percent_covered_display": "100", "missing_lines": 0, "excluded_lines": 2}, "missing_lines": [], "excluded_lines": [34, 210]}}}, "r2morph/analysis/dependencies.py": {"executed_lines": [1, 7, 8, 9, 10, 12, 15, 16, 18, 19, 20, 21, 24, 25, 26, 30, 31, 32, 33, 35, 42, 43, 44, 48, 49, 50, 52, 56, 57, 63, 65, 66, 68, 78, 79, 81, 82, 84, 85, 88, 89, 90, 92, 97, 104, 109, 115, 121, 125, 129, 130, 132, 136, 137, 139, 141, 188, 198, 199, 201, 202, 204, 205, 207, 209, 211, 232, 253, 257, 259, 275, 290, 323], "summary": {"covered_lines": 66, "num_statements": 136, "percent_covered": 48.529411764705884, "percent_covered_display": "49", "missing_lines": 70, "excluded_lines": 7}, "missing_lines": [86, 93, 94, 95, 98, 99, 100, 101, 102, 105, 106, 107, 110, 111, 112, 113, 116, 117, 118, 119, 122, 123, 126, 127, 133, 134, 151, 186, 212, 213, 219, 221, 222, 228, 230, 233, 234, 240, 242, 243, 249, 251, 269, 286, 300, 301, 303, 304, 305, 313, 314, 316, 317, 318, 319, 321, 330, 336, 337, 339, 340, 341, 342, 343, 344, 345, 347, 349, 354, 355], "excluded_lines": [35, 36, 37, 38, 39, 52, 53], "functions": {"Dependency.__repr__": {"executed_lines": [], "summary": {"covered_lines": 0, "num_statements": 0, "percent_covered": 100.0, "percent_covered_display": "100", "missing_lines": 0, "excluded_lines": 4}, "missing_lines": [], "excluded_lines": [36, 37, 38, 39]}, "InstructionDef.__repr__": {"executed_lines": [], "summary": {"covered_lines": 0, "num_statements": 0, "percent_covered": 100.0, "percent_covered_display": "100", "missing_lines": 0, "excluded_lines": 1}, "missing_lines": [], "excluded_lines": [53]}, "DependencyAnalyzer.__init__": {"executed_lines": [65, 66], "summary": {"covered_lines": 2, "num_statements": 2, "percent_covered": 100.0, "percent_covered_display": "100", "missing_lines": 0, "excluded_lines": 0}, "missing_lines": [], "excluded_lines": []}, "DependencyAnalyzer._parse_operands": {"executed_lines": [78, 79, 81, 82, 84, 85, 88, 89, 90, 92, 97, 104, 109, 115, 121, 125, 129, 130, 132, 136, 137, 139], "summary": {"covered_lines": 22, "num_statements": 48, "percent_covered": 45.833333333333336, "percent_covered_display": "46", "missing_lines": 26, "excluded_lines": 0}, "missing_lines": [86, 93, 94, 95, 98, 99, 100, 101, 102, 105, 106, 107, 110, 111, 112, 113, 116, 117, 118, 119, 122, 123, 126, 127, 133, 134], "excluded_lines": []}, "DependencyAnalyzer._is_register": {"executed_lines": [], "summary": {"covered_lines": 0, "num_statements": 2, "percent_covered": 0.0, "percent_covered_display": "0", "missing_lines": 2, "excluded_lines": 0}, "missing_lines": [151, 186], "excluded_lines": []}, "DependencyAnalyzer.analyze_dependencies": {"executed_lines": [198, 199, 201, 202, 204, 205, 207, 209, 211, 232, 253, 257], "summary": {"covered_lines": 12, "num_statements": 26, "percent_covered": 46.15384615384615, "percent_covered_display": "46", "missing_lines": 14, "excluded_lines": 0}, "missing_lines": [212, 213, 219, 221, 222, 228, 230, 233, 234, 240, 242, 243, 249, 251], "excluded_lines": []}, "DependencyAnalyzer.get_dependencies_for_instruction": {"executed_lines": [], "summary": {"covered_lines": 0, "num_statements": 1, "percent_covered": 0.0, "percent_covered_display": "0", "missing_lines": 1, "excluded_lines": 0}, "missing_lines": [269], "excluded_lines": []}, "DependencyAnalyzer.has_dependency": {"executed_lines": [], "summary": {"covered_lines": 0, "num_statements": 1, "percent_covered": 0.0, "percent_covered_display": "0", "missing_lines": 1, "excluded_lines": 0}, "missing_lines": [286], "excluded_lines": []}, "DependencyAnalyzer.get_dependency_chain": {"executed_lines": [], "summary": {"covered_lines": 0, "num_statements": 12, "percent_covered": 0.0, "percent_covered_display": "0", "missing_lines": 12, "excluded_lines": 0}, "missing_lines": [300, 301, 303, 304, 305, 313, 314, 316, 317, 318, 319, 321], "excluded_lines": []}, "DependencyAnalyzer.to_dot": {"executed_lines": [], "summary": {"covered_lines": 0, "num_statements": 14, "percent_covered": 0.0, "percent_covered_display": "0", "missing_lines": 14, "excluded_lines": 0}, "missing_lines": [330, 336, 337, 339, 340, 341, 342, 343, 344, 345, 347, 349, 354, 355], "excluded_lines": []}, "": {"executed_lines": [1, 7, 8, 9, 10, 12, 15, 16, 18, 19, 20, 21, 24, 25, 26, 30, 31, 32, 33, 35, 42, 43, 44, 48, 49, 50, 52, 56, 57, 63, 68, 141, 188, 259, 275, 290, 323], "summary": {"covered_lines": 30, "num_statements": 30, "percent_covered": 100.0, "percent_covered_display": "100", "missing_lines": 0, "excluded_lines": 2}, "missing_lines": [], "excluded_lines": [35, 52]}}, "classes": {"DependencyType": {"executed_lines": [], "summary": {"covered_lines": 0, "num_statements": 0, "percent_covered": 100.0, "percent_covered_display": "100", "missing_lines": 0, "excluded_lines": 0}, "missing_lines": [], "excluded_lines": []}, "Dependency": {"executed_lines": [], "summary": {"covered_lines": 0, "num_statements": 0, "percent_covered": 100.0, "percent_covered_display": "100", "missing_lines": 0, "excluded_lines": 4}, "missing_lines": [], "excluded_lines": [36, 37, 38, 39]}, "InstructionDef": {"executed_lines": [], "summary": {"covered_lines": 0, "num_statements": 0, "percent_covered": 100.0, "percent_covered_display": "100", "missing_lines": 0, "excluded_lines": 1}, "missing_lines": [], "excluded_lines": [53]}, "DependencyAnalyzer": {"executed_lines": [65, 66, 78, 79, 81, 82, 84, 85, 88, 89, 90, 92, 97, 104, 109, 115, 121, 125, 129, 130, 132, 136, 137, 139, 198, 199, 201, 202, 204, 205, 207, 209, 211, 232, 253, 257], "summary": {"covered_lines": 36, "num_statements": 106, "percent_covered": 33.9622641509434, "percent_covered_display": "34", "missing_lines": 70, "excluded_lines": 0}, "missing_lines": [86, 93, 94, 95, 98, 99, 100, 101, 102, 105, 106, 107, 110, 111, 112, 113, 116, 117, 118, 119, 122, 123, 126, 127, 133, 134, 151, 186, 212, 213, 219, 221, 222, 228, 230, 233, 234, 240, 242, 243, 249, 251, 269, 286, 300, 301, 303, 304, 305, 313, 314, 316, 317, 318, 319, 321, 330, 336, 337, 339, 340, 341, 342, 343, 344, 345, 347, 349, 354, 355], "excluded_lines": []}, "": {"executed_lines": [1, 7, 8, 9, 10, 12, 15, 16, 18, 19, 20, 21, 24, 25, 26, 30, 31, 32, 33, 35, 42, 43, 44, 48, 49, 50, 52, 56, 57, 63, 68, 141, 188, 259, 275, 290, 323], "summary": {"covered_lines": 30, "num_statements": 30, "percent_covered": 100.0, "percent_covered_display": "100", "missing_lines": 0, "excluded_lines": 2}, "missing_lines": [], "excluded_lines": [35, 52]}}}, "r2morph/analysis/diff_analyzer.py": {"executed_lines": [1, 5, 6, 7, 8, 9, 11, 13, 16, 17, 18, 20, 21, 22, 23, 24, 25, 26, 27, 28, 29, 31, 32, 43, 44, 51, 53, 54, 55, 56, 57, 59, 70, 72, 73, 75, 76, 77, 79, 80, 82, 83, 84, 86, 87, 88, 90, 91, 93, 106, 107, 109, 116, 119, 121, 131, 134, 135, 136, 137, 138, 139, 140, 142, 143, 146, 147, 148, 149, 150, 151, 153, 154, 155, 156, 158, 166, 168, 169, 170, 171, 173, 174, 176, 178, 182, 184, 196, 197, 198, 199, 200, 201, 203, 205, 216, 217, 218, 220, 221, 223, 224, 227, 229, 231, 241, 242, 244, 245, 247, 250, 251, 253, 254, 255, 256, 258, 260, 267, 270, 271, 273, 275, 276, 277, 280, 282, 289, 290, 294, 301, 305, 306, 307, 308, 309, 311, 312, 313, 314, 316, 317, 318, 320, 321, 322, 323, 325, 326], "summary": {"covered_lines": 146, "num_statements": 159, "percent_covered": 91.82389937106919, "percent_covered_display": "92", "missing_lines": 13, "excluded_lines": 0}, "missing_lines": [117, 132, 159, 160, 179, 180, 225, 248, 268, 278, 292, 302, 303], "excluded_lines": [], "functions": {"DiffStats.__str__": {"executed_lines": [32], "summary": {"covered_lines": 1, "num_statements": 1, "percent_covered": 100.0, "percent_covered_display": "100", "missing_lines": 0, "excluded_lines": 0}, "missing_lines": [], "excluded_lines": []}, "DiffAnalyzer.__init__": {"executed_lines": [53, 54, 55, 56, 57], "summary": {"covered_lines": 5, "num_statements": 5, "percent_covered": 100.0, "percent_covered_display": "100", "missing_lines": 0, "excluded_lines": 0}, "missing_lines": [], "excluded_lines": []}, "DiffAnalyzer.compare": {"executed_lines": [70, 72, 73, 75, 76, 77, 79, 80, 82, 83, 84, 86, 87, 88, 90, 91, 93, 106, 107], "summary": {"covered_lines": 19, "num_statements": 19, "percent_covered": 100.0, "percent_covered_display": "100", "missing_lines": 0, "excluded_lines": 0}, "missing_lines": [], "excluded_lines": []}, "DiffAnalyzer.get_similarity_score": {"executed_lines": [116, 119], "summary": {"covered_lines": 2, "num_statements": 3, "percent_covered": 66.66666666666667, "percent_covered_display": "67", "missing_lines": 1, "excluded_lines": 0}, "missing_lines": [117], "excluded_lines": []}, "DiffAnalyzer.visualize_changes": {"executed_lines": [131, 134, 135, 136, 137, 138, 139, 140, 142, 143, 146, 147, 148, 149, 150, 151, 153, 154, 155, 156, 158, 166, 168, 169, 170, 171, 173, 174, 176, 178, 182], "summary": {"covered_lines": 31, "num_statements": 36, "percent_covered": 86.11111111111111, "percent_covered_display": "86", "missing_lines": 5, "excluded_lines": 0}, "missing_lines": [132, 159, 160, 179, 180], "excluded_lines": []}, "DiffAnalyzer._calculate_hashes": {"executed_lines": [196, 203], "summary": {"covered_lines": 2, "num_statements": 2, "percent_covered": 100.0, "percent_covered_display": "100", "missing_lines": 0, "excluded_lines": 0}, "missing_lines": [], "excluded_lines": []}, "DiffAnalyzer._calculate_hashes.hash_file": {"executed_lines": [197, 198, 199, 200, 201], "summary": {"covered_lines": 5, "num_statements": 5, "percent_covered": 100.0, "percent_covered_display": "100", "missing_lines": 0, "excluded_lines": 0}, "missing_lines": [], "excluded_lines": []}, "DiffAnalyzer._count_changed_bytes": {"executed_lines": [216, 217, 218, 220, 221, 223, 224, 227, 229], "summary": {"covered_lines": 9, "num_statements": 10, "percent_covered": 90.0, "percent_covered_display": "90", "missing_lines": 1, "excluded_lines": 0}, "missing_lines": [225], "excluded_lines": []}, "DiffAnalyzer._calculate_entropy": {"executed_lines": [241, 242, 244, 245, 247, 250, 251, 253, 254, 255, 256, 258], "summary": {"covered_lines": 12, "num_statements": 13, "percent_covered": 92.3076923076923, "percent_covered_display": "92", "missing_lines": 1, "excluded_lines": 0}, "missing_lines": [248], "excluded_lines": []}, "DiffAnalyzer._count_changed_functions": {"executed_lines": [267, 270, 271, 273, 275, 276, 277, 280], "summary": {"covered_lines": 8, "num_statements": 10, "percent_covered": 80.0, "percent_covered_display": "80", "missing_lines": 2, "excluded_lines": 0}, "missing_lines": [268, 278], "excluded_lines": []}, "DiffAnalyzer._count_changed_instructions": {"executed_lines": [289, 290], "summary": {"covered_lines": 2, "num_statements": 3, "percent_covered": 66.66666666666667, "percent_covered_display": "67", "missing_lines": 1, "excluded_lines": 0}, "missing_lines": [292], "excluded_lines": []}, "DiffAnalyzer.generate_report": {"executed_lines": [301, 305, 306, 307, 308, 309, 311, 312, 313, 314, 316, 317, 318, 320, 321, 322, 323, 325, 326], "summary": {"covered_lines": 19, "num_statements": 21, "percent_covered": 90.47619047619048, "percent_covered_display": "90", "missing_lines": 2, "excluded_lines": 0}, "missing_lines": [302, 303], "excluded_lines": []}, "": {"executed_lines": [1, 5, 6, 7, 8, 9, 11, 13, 16, 17, 18, 20, 21, 22, 23, 24, 25, 26, 27, 28, 29, 31, 43, 44, 51, 59, 109, 121, 184, 205, 231, 260, 282, 294], "summary": {"covered_lines": 31, "num_statements": 31, "percent_covered": 100.0, "percent_covered_display": "100", "missing_lines": 0, "excluded_lines": 0}, "missing_lines": [], "excluded_lines": []}}, "classes": {"DiffStats": {"executed_lines": [32], "summary": {"covered_lines": 1, "num_statements": 1, "percent_covered": 100.0, "percent_covered_display": "100", "missing_lines": 0, "excluded_lines": 0}, "missing_lines": [], "excluded_lines": []}, "DiffAnalyzer": {"executed_lines": [53, 54, 55, 56, 57, 70, 72, 73, 75, 76, 77, 79, 80, 82, 83, 84, 86, 87, 88, 90, 91, 93, 106, 107, 116, 119, 131, 134, 135, 136, 137, 138, 139, 140, 142, 143, 146, 147, 148, 149, 150, 151, 153, 154, 155, 156, 158, 166, 168, 169, 170, 171, 173, 174, 176, 178, 182, 196, 197, 198, 199, 200, 201, 203, 216, 217, 218, 220, 221, 223, 224, 227, 229, 241, 242, 244, 245, 247, 250, 251, 253, 254, 255, 256, 258, 267, 270, 271, 273, 275, 276, 277, 280, 289, 290, 301, 305, 306, 307, 308, 309, 311, 312, 313, 314, 316, 317, 318, 320, 321, 322, 323, 325, 326], "summary": {"covered_lines": 114, "num_statements": 127, "percent_covered": 89.76377952755905, "percent_covered_display": "90", "missing_lines": 13, "excluded_lines": 0}, "missing_lines": [117, 132, 159, 160, 179, 180, 225, 248, 268, 278, 292, 302, 303], "excluded_lines": []}, "": {"executed_lines": [1, 5, 6, 7, 8, 9, 11, 13, 16, 17, 18, 20, 21, 22, 23, 24, 25, 26, 27, 28, 29, 31, 43, 44, 51, 59, 109, 121, 184, 205, 231, 260, 282, 294], "summary": {"covered_lines": 31, "num_statements": 31, "percent_covered": 100.0, "percent_covered_display": "100", "missing_lines": 0, "excluded_lines": 0}, "missing_lines": [], "excluded_lines": []}}}, "r2morph/analysis/invariants.py": {"executed_lines": [1, 7, 8, 9, 10, 12, 14, 17, 18, 20, 21, 22, 23, 24, 25, 28, 29, 30, 34, 35, 36, 37, 39, 43, 44, 48, 54, 61, 62, 64, 76, 78, 79, 84, 85, 86, 88, 89, 90, 92, 95, 98, 100, 111, 121, 123, 136, 138, 139, 141, 144, 145, 149, 150, 151, 153, 154, 155, 156, 161, 162, 163, 164, 169, 170, 171, 172, 175, 177, 178, 185, 200, 202, 212, 213, 215, 217, 218, 220, 222, 224, 253, 254, 258, 268, 305], "summary": {"covered_lines": 80, "num_statements": 136, "percent_covered": 58.8235294117647, "percent_covered_display": "59", "missing_lines": 56, "excluded_lines": 2}, "missing_lines": [80, 81, 82, 93, 94, 96, 97, 99, 101, 102, 112, 142, 146, 147, 157, 158, 159, 165, 166, 167, 173, 179, 180, 181, 182, 183, 186, 187, 237, 239, 241, 242, 247, 248, 250, 265, 266, 281, 282, 283, 285, 287, 289, 295, 296, 300, 301, 303, 318, 319, 321, 322, 323, 324, 325, 327], "excluded_lines": [39, 40], "functions": {"Invariant.__repr__": {"executed_lines": [], "summary": {"covered_lines": 0, "num_statements": 0, "percent_covered": 100.0, "percent_covered_display": "100", "missing_lines": 0, "excluded_lines": 1}, "missing_lines": [], "excluded_lines": [40]}, "InvariantDetector.__init__": {"executed_lines": [61, 62], "summary": {"covered_lines": 2, "num_statements": 2, "percent_covered": 100.0, "percent_covered_display": "100", "missing_lines": 0, "excluded_lines": 0}, "missing_lines": [], "excluded_lines": []}, "InvariantDetector.detect_stack_balance": {"executed_lines": [76, 78, 79, 84, 85, 86, 88, 89, 90, 92, 95, 98, 100, 111, 121], "summary": {"covered_lines": 15, "num_statements": 26, "percent_covered": 57.69230769230769, "percent_covered_display": "58", "missing_lines": 11, "excluded_lines": 0}, "missing_lines": [80, 81, 82, 93, 94, 96, 97, 99, 101, 102, 112], "excluded_lines": []}, "InvariantDetector.detect_register_preservation": {"executed_lines": [136, 138, 139, 141, 144, 145, 149, 150, 151, 153, 154, 155, 156, 161, 162, 163, 164, 169, 170, 171, 172, 175, 177, 178, 185, 200], "summary": {"covered_lines": 26, "num_statements": 43, "percent_covered": 60.46511627906977, "percent_covered_display": "60", "missing_lines": 17, "excluded_lines": 0}, "missing_lines": [142, 146, 147, 157, 158, 159, 165, 166, 167, 173, 179, 180, 181, 182, 183, 186, 187], "excluded_lines": []}, "InvariantDetector.detect_all_invariants": {"executed_lines": [212, 213, 215, 217, 218, 220, 222], "summary": {"covered_lines": 7, "num_statements": 7, "percent_covered": 100.0, "percent_covered_display": "100", "missing_lines": 0, "excluded_lines": 0}, "missing_lines": [], "excluded_lines": []}, "InvariantDetector.verify_invariants": {"executed_lines": [], "summary": {"covered_lines": 0, "num_statements": 7, "percent_covered": 0.0, "percent_covered_display": "0", "missing_lines": 7, "excluded_lines": 0}, "missing_lines": [237, 239, 241, 242, 247, 248, 250], "excluded_lines": []}, "SemanticValidator.__init__": {"executed_lines": [], "summary": {"covered_lines": 0, "num_statements": 2, "percent_covered": 0.0, "percent_covered_display": "0", "missing_lines": 2, "excluded_lines": 0}, "missing_lines": [265, 266], "excluded_lines": []}, "SemanticValidator.validate_mutation": {"executed_lines": [], "summary": {"covered_lines": 0, "num_statements": 11, "percent_covered": 0.0, "percent_covered_display": "0", "missing_lines": 11, "excluded_lines": 0}, "missing_lines": [281, 282, 283, 285, 287, 289, 295, 296, 300, 301, 303], "excluded_lines": []}, "SemanticValidator.batch_validate": {"executed_lines": [], "summary": {"covered_lines": 0, "num_statements": 8, "percent_covered": 0.0, "percent_covered_display": "0", "missing_lines": 8, "excluded_lines": 0}, "missing_lines": [318, 319, 321, 322, 323, 324, 325, 327], "excluded_lines": []}, "": {"executed_lines": [1, 7, 8, 9, 10, 12, 14, 17, 18, 20, 21, 22, 23, 24, 25, 28, 29, 30, 34, 35, 36, 37, 39, 43, 44, 48, 54, 64, 123, 202, 224, 253, 254, 258, 268, 305], "summary": {"covered_lines": 30, "num_statements": 30, "percent_covered": 100.0, "percent_covered_display": "100", "missing_lines": 0, "excluded_lines": 1}, "missing_lines": [], "excluded_lines": [39]}}, "classes": {"InvariantType": {"executed_lines": [], "summary": {"covered_lines": 0, "num_statements": 0, "percent_covered": 100.0, "percent_covered_display": "100", "missing_lines": 0, "excluded_lines": 0}, "missing_lines": [], "excluded_lines": []}, "Invariant": {"executed_lines": [], "summary": {"covered_lines": 0, "num_statements": 0, "percent_covered": 100.0, "percent_covered_display": "100", "missing_lines": 0, "excluded_lines": 1}, "missing_lines": [], "excluded_lines": [40]}, "InvariantDetector": {"executed_lines": [61, 62, 76, 78, 79, 84, 85, 86, 88, 89, 90, 92, 95, 98, 100, 111, 121, 136, 138, 139, 141, 144, 145, 149, 150, 151, 153, 154, 155, 156, 161, 162, 163, 164, 169, 170, 171, 172, 175, 177, 178, 185, 200, 212, 213, 215, 217, 218, 220, 222], "summary": {"covered_lines": 50, "num_statements": 85, "percent_covered": 58.8235294117647, "percent_covered_display": "59", "missing_lines": 35, "excluded_lines": 0}, "missing_lines": [80, 81, 82, 93, 94, 96, 97, 99, 101, 102, 112, 142, 146, 147, 157, 158, 159, 165, 166, 167, 173, 179, 180, 181, 182, 183, 186, 187, 237, 239, 241, 242, 247, 248, 250], "excluded_lines": []}, "SemanticValidator": {"executed_lines": [], "summary": {"covered_lines": 0, "num_statements": 21, "percent_covered": 0.0, "percent_covered_display": "0", "missing_lines": 21, "excluded_lines": 0}, "missing_lines": [265, 266, 281, 282, 283, 285, 287, 289, 295, 296, 300, 301, 303, 318, 319, 321, 322, 323, 324, 325, 327], "excluded_lines": []}, "": {"executed_lines": [1, 7, 8, 9, 10, 12, 14, 17, 18, 20, 21, 22, 23, 24, 25, 28, 29, 30, 34, 35, 36, 37, 39, 43, 44, 48, 54, 64, 123, 202, 224, 253, 254, 258, 268, 305], "summary": {"covered_lines": 30, "num_statements": 30, "percent_covered": 100.0, "percent_covered_display": "100", "missing_lines": 0, "excluded_lines": 1}, "missing_lines": [], "excluded_lines": [39]}}}, "r2morph/cli.py": {"executed_lines": [], "summary": {"covered_lines": 0, "num_statements": 182, "percent_covered": 0.0, "percent_covered_display": "0", "missing_lines": 182, "excluded_lines": 2}, "missing_lines": [11, 12, 14, 15, 16, 17, 19, 20, 21, 22, 29, 31, 37, 40, 41, 78, 79, 81, 82, 83, 84, 86, 87, 88, 89, 90, 91, 92, 93, 95, 97, 98, 100, 103, 104, 105, 106, 107, 109, 110, 111, 112, 114, 115, 121, 126, 131, 136, 142, 148, 153, 158, 163, 169, 170, 171, 172, 173, 175, 177, 179, 180, 181, 183, 184, 186, 187, 188, 190, 195, 196, 198, 199, 200, 201, 203, 204, 207, 208, 215, 217, 218, 219, 220, 221, 222, 224, 225, 226, 228, 229, 230, 231, 232, 233, 234, 235, 236, 237, 242, 244, 245, 246, 249, 250, 258, 260, 261, 262, 263, 264, 265, 267, 268, 269, 270, 271, 273, 274, 281, 283, 284, 289, 290, 291, 294, 295, 319, 321, 322, 324, 327, 328, 329, 330, 332, 333, 334, 335, 337, 338, 344, 349, 354, 359, 365, 371, 376, 381, 386, 392, 393, 395, 396, 398, 399, 401, 402, 404, 405, 407, 409, 411, 412, 413, 415, 416, 418, 419, 420, 422, 427, 428, 430, 431, 432, 435, 436, 440, 441, 444, 446], "excluded_lines": [449, 450], "functions": {"main_callback": {"executed_lines": [], "summary": {"covered_lines": 0, "num_statements": 62, "percent_covered": 0.0, "percent_covered_display": "0", "missing_lines": 62, "excluded_lines": 0}, "missing_lines": [78, 79, 81, 82, 83, 84, 86, 87, 88, 89, 90, 91, 92, 93, 95, 97, 98, 100, 103, 104, 105, 106, 107, 109, 110, 111, 112, 114, 115, 121, 126, 131, 136, 142, 148, 153, 158, 163, 169, 170, 171, 172, 173, 175, 177, 179, 180, 181, 183, 184, 186, 187, 188, 190, 195, 196, 198, 199, 200, 201, 203, 204], "excluded_lines": []}, "analyze": {"executed_lines": [], "summary": {"covered_lines": 0, "num_statements": 24, "percent_covered": 0.0, "percent_covered_display": "0", "missing_lines": 24, "excluded_lines": 0}, "missing_lines": [215, 217, 218, 219, 220, 221, 222, 224, 225, 226, 228, 229, 230, 231, 232, 233, 234, 235, 236, 237, 242, 244, 245, 246], "excluded_lines": []}, "functions": {"executed_lines": [], "summary": {"covered_lines": 0, "num_statements": 20, "percent_covered": 0.0, "percent_covered_display": "0", "missing_lines": 20, "excluded_lines": 0}, "missing_lines": [258, 260, 261, 262, 263, 264, 265, 267, 268, 269, 270, 271, 273, 274, 281, 283, 284, 289, 290, 291], "excluded_lines": []}, "morph": {"executed_lines": [], "summary": {"covered_lines": 0, "num_statements": 49, "percent_covered": 0.0, "percent_covered_display": "0", "missing_lines": 49, "excluded_lines": 0}, "missing_lines": [319, 321, 322, 324, 327, 328, 329, 330, 332, 333, 334, 335, 337, 338, 344, 349, 354, 359, 365, 371, 376, 381, 386, 392, 393, 395, 396, 398, 399, 401, 402, 404, 405, 407, 409, 411, 412, 413, 415, 416, 418, 419, 420, 422, 427, 428, 430, 431, 432], "excluded_lines": []}, "version": {"executed_lines": [], "summary": {"covered_lines": 0, "num_statements": 2, "percent_covered": 0.0, "percent_covered_display": "0", "missing_lines": 2, "excluded_lines": 0}, "missing_lines": [440, 441], "excluded_lines": []}, "main": {"executed_lines": [], "summary": {"covered_lines": 0, "num_statements": 1, "percent_covered": 0.0, "percent_covered_display": "0", "missing_lines": 1, "excluded_lines": 0}, "missing_lines": [446], "excluded_lines": []}, "": {"executed_lines": [], "summary": {"covered_lines": 0, "num_statements": 24, "percent_covered": 0.0, "percent_covered_display": "0", "missing_lines": 24, "excluded_lines": 2}, "missing_lines": [11, 12, 14, 15, 16, 17, 19, 20, 21, 22, 29, 31, 37, 40, 41, 207, 208, 249, 250, 294, 295, 435, 436, 444], "excluded_lines": [449, 450]}}, "classes": {"": {"executed_lines": [], "summary": {"covered_lines": 0, "num_statements": 182, "percent_covered": 0.0, "percent_covered_display": "0", "missing_lines": 182, "excluded_lines": 2}, "missing_lines": [11, 12, 14, 15, 16, 17, 19, 20, 21, 22, 29, 31, 37, 40, 41, 78, 79, 81, 82, 83, 84, 86, 87, 88, 89, 90, 91, 92, 93, 95, 97, 98, 100, 103, 104, 105, 106, 107, 109, 110, 111, 112, 114, 115, 121, 126, 131, 136, 142, 148, 153, 158, 163, 169, 170, 171, 172, 173, 175, 177, 179, 180, 181, 183, 184, 186, 187, 188, 190, 195, 196, 198, 199, 200, 201, 203, 204, 207, 208, 215, 217, 218, 219, 220, 221, 222, 224, 225, 226, 228, 229, 230, 231, 232, 233, 234, 235, 236, 237, 242, 244, 245, 246, 249, 250, 258, 260, 261, 262, 263, 264, 265, 267, 268, 269, 270, 271, 273, 274, 281, 283, 284, 289, 290, 291, 294, 295, 319, 321, 322, 324, 327, 328, 329, 330, 332, 333, 334, 335, 337, 338, 344, 349, 354, 359, 365, 371, 376, 381, 386, 392, 393, 395, 396, 398, 399, 401, 402, 404, 405, 407, 409, 411, 412, 413, 415, 416, 418, 419, 420, 422, 427, 428, 430, 431, 432, 435, 436, 440, 441, 444, 446], "excluded_lines": [449, 450]}}}, "r2morph/core/__init__.py": {"executed_lines": [1, 7, 8, 9, 10, 12], "summary": {"covered_lines": 5, "num_statements": 5, "percent_covered": 100.0, "percent_covered_display": "100", "missing_lines": 0, "excluded_lines": 0}, "missing_lines": [], "excluded_lines": [], "functions": {"": {"executed_lines": [1, 7, 8, 9, 10, 12], "summary": {"covered_lines": 5, "num_statements": 5, "percent_covered": 100.0, "percent_covered_display": "100", "missing_lines": 0, "excluded_lines": 0}, "missing_lines": [], "excluded_lines": []}}, "classes": {"": {"executed_lines": [1, 7, 8, 9, 10, 12], "summary": {"covered_lines": 5, "num_statements": 5, "percent_covered": 100.0, "percent_covered_display": "100", "missing_lines": 0, "excluded_lines": 0}, "missing_lines": [], "excluded_lines": []}}}, "r2morph/core/binary.py": {"executed_lines": [1, 5, 6, 7, 8, 10, 12, 15, 16, 25, 38, 39, 40, 42, 43, 44, 46, 47, 48, 49, 51, 53, 54, 56, 58, 60, 67, 68, 69, 70, 71, 74, 76, 78, 79, 80, 81, 83, 96, 99, 100, 101, 102, 104, 111, 114, 115, 116, 118, 128, 131, 132, 134, 144, 147, 148, 150, 157, 160, 161, 163, 173, 176, 177, 178, 179, 180, 182, 183, 188, 199, 202, 205, 206, 208, 209, 210, 219, 220, 221, 222, 223, 228, 244, 255, 258, 259, 261, 279, 286, 287, 295, 297], "summary": {"covered_lines": 91, "num_statements": 125, "percent_covered": 72.8, "percent_covered_display": "73", "missing_lines": 34, "excluded_lines": 0}, "missing_lines": [72, 73, 97, 112, 129, 145, 158, 174, 184, 185, 186, 200, 203, 212, 213, 214, 215, 216, 217, 224, 225, 226, 239, 240, 241, 242, 256, 268, 269, 271, 272, 274, 275, 277], "excluded_lines": [], "functions": {"Binary.__init__": {"executed_lines": [38, 39, 40, 42, 43, 44, 46, 47, 48, 49], "summary": {"covered_lines": 10, "num_statements": 10, "percent_covered": 100.0, "percent_covered_display": "100", "missing_lines": 0, "excluded_lines": 0}, "missing_lines": [], "excluded_lines": []}, "Binary.__enter__": {"executed_lines": [53, 54], "summary": {"covered_lines": 2, "num_statements": 2, "percent_covered": 100.0, "percent_covered_display": "100", "missing_lines": 0, "excluded_lines": 0}, "missing_lines": [], "excluded_lines": []}, "Binary.__exit__": {"executed_lines": [58], "summary": {"covered_lines": 1, "num_statements": 1, "percent_covered": 100.0, "percent_covered_display": "100", "missing_lines": 0, "excluded_lines": 0}, "missing_lines": [], "excluded_lines": []}, "Binary.open": {"executed_lines": [67, 68, 69, 70, 71, 74], "summary": {"covered_lines": 6, "num_statements": 8, "percent_covered": 75.0, "percent_covered_display": "75", "missing_lines": 2, "excluded_lines": 0}, "missing_lines": [72, 73], "excluded_lines": []}, "Binary.close": {"executed_lines": [78, 79, 80, 81], "summary": {"covered_lines": 4, "num_statements": 4, "percent_covered": 100.0, "percent_covered_display": "100", "missing_lines": 0, "excluded_lines": 0}, "missing_lines": [], "excluded_lines": []}, "Binary.analyze": {"executed_lines": [96, 99, 100, 101, 102], "summary": {"covered_lines": 5, "num_statements": 6, "percent_covered": 83.33333333333333, "percent_covered_display": "83", "missing_lines": 1, "excluded_lines": 0}, "missing_lines": [97], "excluded_lines": []}, "Binary.get_functions": {"executed_lines": [111, 114, 115, 116], "summary": {"covered_lines": 4, "num_statements": 5, "percent_covered": 80.0, "percent_covered_display": "80", "missing_lines": 1, "excluded_lines": 0}, "missing_lines": [112], "excluded_lines": []}, "Binary.get_function_disasm": {"executed_lines": [128, 131, 132], "summary": {"covered_lines": 3, "num_statements": 4, "percent_covered": 75.0, "percent_covered_display": "75", "missing_lines": 1, "excluded_lines": 0}, "missing_lines": [129], "excluded_lines": []}, "Binary.get_basic_blocks": {"executed_lines": [144, 147, 148], "summary": {"covered_lines": 3, "num_statements": 4, "percent_covered": 75.0, "percent_covered_display": "75", "missing_lines": 1, "excluded_lines": 0}, "missing_lines": [145], "excluded_lines": []}, "Binary.get_sections": {"executed_lines": [157, 160, 161], "summary": {"covered_lines": 3, "num_statements": 4, "percent_covered": 75.0, "percent_covered_display": "75", "missing_lines": 1, "excluded_lines": 0}, "missing_lines": [158], "excluded_lines": []}, "Binary.assemble": {"executed_lines": [173, 176, 177, 178, 179, 180, 182, 183], "summary": {"covered_lines": 8, "num_statements": 12, "percent_covered": 66.66666666666667, "percent_covered_display": "67", "missing_lines": 4, "excluded_lines": 0}, "missing_lines": [174, 184, 185, 186], "excluded_lines": []}, "Binary.write_bytes": {"executed_lines": [199, 202, 205, 206, 208, 209, 210, 219, 220, 221, 222, 223], "summary": {"covered_lines": 12, "num_statements": 23, "percent_covered": 52.17391304347826, "percent_covered_display": "52", "missing_lines": 11, "excluded_lines": 0}, "missing_lines": [200, 203, 212, 213, 214, 215, 216, 217, 224, 225, 226], "excluded_lines": []}, "Binary.write_instruction": {"executed_lines": [], "summary": {"covered_lines": 0, "num_statements": 4, "percent_covered": 0.0, "percent_covered_display": "0", "missing_lines": 4, "excluded_lines": 0}, "missing_lines": [239, 240, 241, 242], "excluded_lines": []}, "Binary.nop_fill": {"executed_lines": [255, 258, 259], "summary": {"covered_lines": 3, "num_statements": 4, "percent_covered": 75.0, "percent_covered_display": "75", "missing_lines": 1, "excluded_lines": 0}, "missing_lines": [256], "excluded_lines": []}, "Binary.save": {"executed_lines": [], "summary": {"covered_lines": 0, "num_statements": 7, "percent_covered": 0.0, "percent_covered_display": "0", "missing_lines": 7, "excluded_lines": 0}, "missing_lines": [268, 269, 271, 272, 274, 275, 277], "excluded_lines": []}, "Binary.get_arch_info": {"executed_lines": [286, 287], "summary": {"covered_lines": 2, "num_statements": 2, "percent_covered": 100.0, "percent_covered_display": "100", "missing_lines": 0, "excluded_lines": 0}, "missing_lines": [], "excluded_lines": []}, "Binary.is_analyzed": {"executed_lines": [297], "summary": {"covered_lines": 1, "num_statements": 1, "percent_covered": 100.0, "percent_covered_display": "100", "missing_lines": 0, "excluded_lines": 0}, "missing_lines": [], "excluded_lines": []}, "": {"executed_lines": [1, 5, 6, 7, 8, 10, 12, 15, 16, 25, 51, 56, 60, 76, 83, 104, 118, 134, 150, 163, 188, 228, 244, 261, 279, 295], "summary": {"covered_lines": 24, "num_statements": 24, "percent_covered": 100.0, "percent_covered_display": "100", "missing_lines": 0, "excluded_lines": 0}, "missing_lines": [], "excluded_lines": []}}, "classes": {"Binary": {"executed_lines": [38, 39, 40, 42, 43, 44, 46, 47, 48, 49, 53, 54, 58, 67, 68, 69, 70, 71, 74, 78, 79, 80, 81, 96, 99, 100, 101, 102, 111, 114, 115, 116, 128, 131, 132, 144, 147, 148, 157, 160, 161, 173, 176, 177, 178, 179, 180, 182, 183, 199, 202, 205, 206, 208, 209, 210, 219, 220, 221, 222, 223, 255, 258, 259, 286, 287, 297], "summary": {"covered_lines": 67, "num_statements": 101, "percent_covered": 66.33663366336634, "percent_covered_display": "66", "missing_lines": 34, "excluded_lines": 0}, "missing_lines": [72, 73, 97, 112, 129, 145, 158, 174, 184, 185, 186, 200, 203, 212, 213, 214, 215, 216, 217, 224, 225, 226, 239, 240, 241, 242, 256, 268, 269, 271, 272, 274, 275, 277], "excluded_lines": []}, "": {"executed_lines": [1, 5, 6, 7, 8, 10, 12, 15, 16, 25, 51, 56, 60, 76, 83, 104, 118, 134, 150, 163, 188, 228, 244, 261, 279, 295], "summary": {"covered_lines": 24, "num_statements": 24, "percent_covered": 100.0, "percent_covered_display": "100", "missing_lines": 0, "excluded_lines": 0}, "missing_lines": [], "excluded_lines": []}}}, "r2morph/core/engine.py": {"executed_lines": [1, 5, 6, 7, 9, 10, 11, 13, 16, 17, 29, 36, 37, 38, 39, 41, 42, 49, 51, 62, 64, 65, 66, 67, 69, 70, 71, 73, 74, 76, 78, 79, 84, 85, 87, 97, 100, 101, 103, 104, 106, 113, 114, 116, 118, 128, 129, 130, 132, 142, 147, 148, 150, 157, 158, 160, 164, 165, 167, 168, 170, 177, 178, 180, 181, 183, 185, 187, 188, 190, 192, 193, 194, 196, 200, 202, 204, 206], "summary": {"covered_lines": 76, "num_statements": 82, "percent_covered": 92.6829268292683, "percent_covered_display": "93", "missing_lines": 6, "excluded_lines": 0}, "missing_lines": [81, 82, 98, 161, 162, 198], "excluded_lines": [], "functions": {"MorphEngine.__init__": {"executed_lines": [36, 37, 38, 39], "summary": {"covered_lines": 4, "num_statements": 4, "percent_covered": 100.0, "percent_covered_display": "100", "missing_lines": 0, "excluded_lines": 0}, "missing_lines": [], "excluded_lines": []}, "MorphEngine.mutations": {"executed_lines": [49], "summary": {"covered_lines": 1, "num_statements": 1, "percent_covered": 100.0, "percent_covered_display": "100", "missing_lines": 0, "excluded_lines": 0}, "missing_lines": [], "excluded_lines": []}, "MorphEngine.load_binary": {"executed_lines": [62, 64, 65, 66, 67, 69, 70, 71, 73, 74, 76, 78, 79, 84, 85], "summary": {"covered_lines": 15, "num_statements": 17, "percent_covered": 88.23529411764706, "percent_covered_display": "88", "missing_lines": 2, "excluded_lines": 0}, "missing_lines": [81, 82], "excluded_lines": []}, "MorphEngine.analyze": {"executed_lines": [97, 100, 101, 103, 104, 106, 113, 114, 116], "summary": {"covered_lines": 9, "num_statements": 10, "percent_covered": 90.0, "percent_covered_display": "90", "missing_lines": 1, "excluded_lines": 0}, "missing_lines": [98], "excluded_lines": []}, "MorphEngine.add_mutation": {"executed_lines": [128, 129, 130], "summary": {"covered_lines": 3, "num_statements": 3, "percent_covered": 100.0, "percent_covered_display": "100", "missing_lines": 0, "excluded_lines": 0}, "missing_lines": [], "excluded_lines": []}, "MorphEngine.remove_mutation": {"executed_lines": [142, 147, 148], "summary": {"covered_lines": 3, "num_statements": 3, "percent_covered": 100.0, "percent_covered_display": "100", "missing_lines": 0, "excluded_lines": 0}, "missing_lines": [], "excluded_lines": []}, "MorphEngine.run": {"executed_lines": [157, 158, 160, 164, 165, 167, 168], "summary": {"covered_lines": 7, "num_statements": 9, "percent_covered": 77.77777777777777, "percent_covered_display": "78", "missing_lines": 2, "excluded_lines": 0}, "missing_lines": [161, 162], "excluded_lines": []}, "MorphEngine.save": {"executed_lines": [177, 178, 180, 181, 183, 185, 187, 188], "summary": {"covered_lines": 8, "num_statements": 8, "percent_covered": 100.0, "percent_covered_display": "100", "missing_lines": 0, "excluded_lines": 0}, "missing_lines": [], "excluded_lines": []}, "MorphEngine.close": {"executed_lines": [192, 193, 194], "summary": {"covered_lines": 3, "num_statements": 3, "percent_covered": 100.0, "percent_covered_display": "100", "missing_lines": 0, "excluded_lines": 0}, "missing_lines": [], "excluded_lines": []}, "MorphEngine.get_stats": {"executed_lines": [], "summary": {"covered_lines": 0, "num_statements": 1, "percent_covered": 0.0, "percent_covered_display": "0", "missing_lines": 1, "excluded_lines": 0}, "missing_lines": [198], "excluded_lines": []}, "MorphEngine.__enter__": {"executed_lines": [202], "summary": {"covered_lines": 1, "num_statements": 1, "percent_covered": 100.0, "percent_covered_display": "100", "missing_lines": 0, "excluded_lines": 0}, "missing_lines": [], "excluded_lines": []}, "MorphEngine.__exit__": {"executed_lines": [206], "summary": {"covered_lines": 1, "num_statements": 1, "percent_covered": 100.0, "percent_covered_display": "100", "missing_lines": 0, "excluded_lines": 0}, "missing_lines": [], "excluded_lines": []}, "": {"executed_lines": [1, 5, 6, 7, 9, 10, 11, 13, 16, 17, 29, 41, 42, 51, 87, 118, 132, 150, 170, 190, 196, 200, 204], "summary": {"covered_lines": 21, "num_statements": 21, "percent_covered": 100.0, "percent_covered_display": "100", "missing_lines": 0, "excluded_lines": 0}, "missing_lines": [], "excluded_lines": []}}, "classes": {"MorphEngine": {"executed_lines": [36, 37, 38, 39, 49, 62, 64, 65, 66, 67, 69, 70, 71, 73, 74, 76, 78, 79, 84, 85, 97, 100, 101, 103, 104, 106, 113, 114, 116, 128, 129, 130, 142, 147, 148, 157, 158, 160, 164, 165, 167, 168, 177, 178, 180, 181, 183, 185, 187, 188, 192, 193, 194, 202, 206], "summary": {"covered_lines": 55, "num_statements": 61, "percent_covered": 90.1639344262295, "percent_covered_display": "90", "missing_lines": 6, "excluded_lines": 0}, "missing_lines": [81, 82, 98, 161, 162, 198], "excluded_lines": []}, "": {"executed_lines": [1, 5, 6, 7, 9, 10, 11, 13, 16, 17, 29, 41, 42, 51, 87, 118, 132, 150, 170, 190, 196, 200, 204], "summary": {"covered_lines": 21, "num_statements": 21, "percent_covered": 100.0, "percent_covered_display": "100", "missing_lines": 0, "excluded_lines": 0}, "missing_lines": [], "excluded_lines": []}}}, "r2morph/core/function.py": {"executed_lines": [1, 5, 6, 9, 10, 11, 24, 25, 26, 27, 28, 29, 30, 32, 33, 43, 53, 57, 66, 70, 71], "summary": {"covered_lines": 17, "num_statements": 20, "percent_covered": 85.0, "percent_covered_display": "85", "missing_lines": 3, "excluded_lines": 2}, "missing_lines": [55, 64, 68], "excluded_lines": [70, 71], "functions": {"Function.from_r2_dict": {"executed_lines": [43], "summary": {"covered_lines": 1, "num_statements": 1, "percent_covered": 100.0, "percent_covered_display": "100", "missing_lines": 0, "excluded_lines": 0}, "missing_lines": [], "excluded_lines": []}, "Function.get_instructions_count": {"executed_lines": [], "summary": {"covered_lines": 0, "num_statements": 1, "percent_covered": 0.0, "percent_covered_display": "0", "missing_lines": 1, "excluded_lines": 0}, "missing_lines": [55], "excluded_lines": []}, "Function.get_complexity": {"executed_lines": [], "summary": {"covered_lines": 0, "num_statements": 1, "percent_covered": 0.0, "percent_covered_display": "0", "missing_lines": 1, "excluded_lines": 0}, "missing_lines": [64], "excluded_lines": []}, "Function.is_leaf": {"executed_lines": [], "summary": {"covered_lines": 0, "num_statements": 1, "percent_covered": 0.0, "percent_covered_display": "0", "missing_lines": 1, "excluded_lines": 0}, "missing_lines": [68], "excluded_lines": []}, "Function.__repr__": {"executed_lines": [71], "summary": {"covered_lines": 0, "num_statements": 0, "percent_covered": 100.0, "percent_covered_display": "100", "missing_lines": 0, "excluded_lines": 1}, "missing_lines": [], "excluded_lines": [71]}, "": {"executed_lines": [1, 5, 6, 9, 10, 11, 24, 25, 26, 27, 28, 29, 30, 32, 33, 53, 57, 66, 70], "summary": {"covered_lines": 16, "num_statements": 16, "percent_covered": 100.0, "percent_covered_display": "100", "missing_lines": 0, "excluded_lines": 1}, "missing_lines": [], "excluded_lines": [70]}}, "classes": {"Function": {"executed_lines": [43, 71], "summary": {"covered_lines": 1, "num_statements": 4, "percent_covered": 25.0, "percent_covered_display": "25", "missing_lines": 3, "excluded_lines": 1}, "missing_lines": [55, 64, 68], "excluded_lines": [71]}, "": {"executed_lines": [1, 5, 6, 9, 10, 11, 24, 25, 26, 27, 28, 29, 30, 32, 33, 53, 57, 66, 70], "summary": {"covered_lines": 16, "num_statements": 16, "percent_covered": 100.0, "percent_covered_display": "100", "missing_lines": 0, "excluded_lines": 1}, "missing_lines": [], "excluded_lines": [70]}}}, "r2morph/core/instruction.py": {"executed_lines": [1, 5, 6, 9, 10, 11, 24, 25, 26, 27, 28, 29, 30, 32, 33, 43, 44, 45, 46, 47, 49, 51, 61, 63, 65, 67, 69, 71, 73, 77, 81, 92, 103, 104, 105, 107], "summary": {"covered_lines": 31, "num_statements": 41, "percent_covered": 75.60975609756098, "percent_covered_display": "76", "missing_lines": 10, "excluded_lines": 3}, "missing_lines": [75, 79, 88, 89, 90, 99, 100, 101, 108, 109], "excluded_lines": [103, 104, 105], "functions": {"Instruction.from_r2_dict": {"executed_lines": [43, 44, 45, 46, 47, 49, 51], "summary": {"covered_lines": 7, "num_statements": 7, "percent_covered": 100.0, "percent_covered_display": "100", "missing_lines": 0, "excluded_lines": 0}, "missing_lines": [], "excluded_lines": []}, "Instruction.is_jump": {"executed_lines": [63], "summary": {"covered_lines": 1, "num_statements": 1, "percent_covered": 100.0, "percent_covered_display": "100", "missing_lines": 0, "excluded_lines": 0}, "missing_lines": [], "excluded_lines": []}, "Instruction.is_call": {"executed_lines": [67], "summary": {"covered_lines": 1, "num_statements": 1, "percent_covered": 100.0, "percent_covered_display": "100", "missing_lines": 0, "excluded_lines": 0}, "missing_lines": [], "excluded_lines": []}, "Instruction.is_ret": {"executed_lines": [71], "summary": {"covered_lines": 1, "num_statements": 1, "percent_covered": 100.0, "percent_covered_display": "100", "missing_lines": 0, "excluded_lines": 0}, "missing_lines": [], "excluded_lines": []}, "Instruction.is_nop": {"executed_lines": [], "summary": {"covered_lines": 0, "num_statements": 1, "percent_covered": 0.0, "percent_covered_display": "0", "missing_lines": 1, "excluded_lines": 0}, "missing_lines": [75], "excluded_lines": []}, "Instruction.is_conditional": {"executed_lines": [], "summary": {"covered_lines": 0, "num_statements": 1, "percent_covered": 0.0, "percent_covered_display": "0", "missing_lines": 1, "excluded_lines": 0}, "missing_lines": [79], "excluded_lines": []}, "Instruction.get_jump_target": {"executed_lines": [], "summary": {"covered_lines": 0, "num_statements": 3, "percent_covered": 0.0, "percent_covered_display": "0", "missing_lines": 3, "excluded_lines": 0}, "missing_lines": [88, 89, 90], "excluded_lines": []}, "Instruction.get_call_target": {"executed_lines": [], "summary": {"covered_lines": 0, "num_statements": 3, "percent_covered": 0.0, "percent_covered_display": "0", "missing_lines": 3, "excluded_lines": 0}, "missing_lines": [99, 100, 101], "excluded_lines": []}, "Instruction.__repr__": {"executed_lines": [104, 105], "summary": {"covered_lines": 0, "num_statements": 0, "percent_covered": 100.0, "percent_covered_display": "100", "missing_lines": 0, "excluded_lines": 2}, "missing_lines": [], "excluded_lines": [104, 105]}, "Instruction.__str__": {"executed_lines": [], "summary": {"covered_lines": 0, "num_statements": 2, "percent_covered": 0.0, "percent_covered_display": "0", "missing_lines": 2, "excluded_lines": 0}, "missing_lines": [108, 109], "excluded_lines": []}, "": {"executed_lines": [1, 5, 6, 9, 10, 11, 24, 25, 26, 27, 28, 29, 30, 32, 33, 61, 65, 69, 73, 77, 81, 92, 103, 107], "summary": {"covered_lines": 21, "num_statements": 21, "percent_covered": 100.0, "percent_covered_display": "100", "missing_lines": 0, "excluded_lines": 1}, "missing_lines": [], "excluded_lines": [103]}}, "classes": {"Instruction": {"executed_lines": [43, 44, 45, 46, 47, 49, 51, 63, 67, 71, 104, 105], "summary": {"covered_lines": 10, "num_statements": 20, "percent_covered": 50.0, "percent_covered_display": "50", "missing_lines": 10, "excluded_lines": 2}, "missing_lines": [75, 79, 88, 89, 90, 99, 100, 101, 108, 109], "excluded_lines": [104, 105]}, "": {"executed_lines": [1, 5, 6, 9, 10, 11, 24, 25, 26, 27, 28, 29, 30, 32, 33, 61, 65, 69, 73, 77, 81, 92, 103, 107], "summary": {"covered_lines": 21, "num_statements": 21, "percent_covered": 100.0, "percent_covered_display": "100", "missing_lines": 0, "excluded_lines": 1}, "missing_lines": [], "excluded_lines": [103]}}}, "r2morph/detection/__init__.py": {"executed_lines": [1, 5, 6, 7, 9], "summary": {"covered_lines": 4, "num_statements": 4, "percent_covered": 100.0, "percent_covered_display": "100", "missing_lines": 0, "excluded_lines": 0}, "missing_lines": [], "excluded_lines": [], "functions": {"": {"executed_lines": [1, 5, 6, 7, 9], "summary": {"covered_lines": 4, "num_statements": 4, "percent_covered": 100.0, "percent_covered_display": "100", "missing_lines": 0, "excluded_lines": 0}, "missing_lines": [], "excluded_lines": []}}, "classes": {"": {"executed_lines": [1, 5, 6, 7, 9], "summary": {"covered_lines": 4, "num_statements": 4, "percent_covered": 100.0, "percent_covered_display": "100", "missing_lines": 0, "excluded_lines": 0}, "missing_lines": [], "excluded_lines": []}}}, "r2morph/detection/entropy_analyzer.py": {"executed_lines": [1, 5, 6, 7, 8, 9, 11, 14, 15, 16, 18, 19, 20, 21, 22, 24, 25, 26, 34, 35, 41, 42, 44, 46, 48, 58, 60, 62, 64, 70, 72, 73, 77, 80, 82, 90, 100, 101, 103, 106, 107, 109, 110, 111, 112, 113, 115, 117, 127, 129, 131, 132, 133, 134, 136, 137, 138, 139, 141, 142, 144, 145, 146, 148, 149, 157, 159, 169, 172, 173, 175, 176, 177, 178, 179, 181, 183, 206], "summary": {"covered_lines": 75, "num_statements": 96, "percent_covered": 78.125, "percent_covered_display": "78", "missing_lines": 21, "excluded_lines": 0}, "missing_lines": [78, 104, 151, 152, 154, 155, 170, 196, 197, 198, 200, 204, 217, 218, 220, 222, 223, 224, 225, 226, 228], "excluded_lines": [], "functions": {"EntropyResult.__str__": {"executed_lines": [25, 26], "summary": {"covered_lines": 2, "num_statements": 2, "percent_covered": 100.0, "percent_covered_display": "100", "missing_lines": 0, "excluded_lines": 0}, "missing_lines": [], "excluded_lines": []}, "EntropyAnalyzer.__init__": {"executed_lines": [46], "summary": {"covered_lines": 1, "num_statements": 1, "percent_covered": 100.0, "percent_covered_display": "100", "missing_lines": 0, "excluded_lines": 0}, "missing_lines": [], "excluded_lines": []}, "EntropyAnalyzer.analyze_file": {"executed_lines": [58, 60, 62, 64, 70, 72, 73, 77, 80, 82], "summary": {"covered_lines": 10, "num_statements": 11, "percent_covered": 90.9090909090909, "percent_covered_display": "91", "missing_lines": 1, "excluded_lines": 0}, "missing_lines": [78], "excluded_lines": []}, "EntropyAnalyzer._calculate_file_entropy": {"executed_lines": [100, 101, 103, 106, 107, 109, 110, 111, 112, 113, 115], "summary": {"covered_lines": 11, "num_statements": 12, "percent_covered": 91.66666666666667, "percent_covered_display": "92", "missing_lines": 1, "excluded_lines": 0}, "missing_lines": [104], "excluded_lines": []}, "EntropyAnalyzer._analyze_sections": {"executed_lines": [127, 129, 131, 132, 133, 134, 136, 137, 138, 139, 141, 142, 144, 145, 146, 148, 149, 157], "summary": {"covered_lines": 18, "num_statements": 22, "percent_covered": 81.81818181818181, "percent_covered_display": "82", "missing_lines": 4, "excluded_lines": 0}, "missing_lines": [151, 152, 154, 155], "excluded_lines": []}, "EntropyAnalyzer._calculate_entropy": {"executed_lines": [169, 172, 173, 175, 176, 177, 178, 179, 181], "summary": {"covered_lines": 9, "num_statements": 10, "percent_covered": 90.0, "percent_covered_display": "90", "missing_lines": 1, "excluded_lines": 0}, "missing_lines": [170], "excluded_lines": []}, "EntropyAnalyzer.compare_entropy": {"executed_lines": [], "summary": {"covered_lines": 0, "num_statements": 5, "percent_covered": 0.0, "percent_covered_display": "0", "missing_lines": 5, "excluded_lines": 0}, "missing_lines": [196, 197, 198, 200, 204], "excluded_lines": []}, "EntropyAnalyzer.visualize_entropy": {"executed_lines": [], "summary": {"covered_lines": 0, "num_statements": 9, "percent_covered": 0.0, "percent_covered_display": "0", "missing_lines": 9, "excluded_lines": 0}, "missing_lines": [217, 218, 220, 222, 223, 224, 225, 226, 228], "excluded_lines": []}, "": {"executed_lines": [1, 5, 6, 7, 8, 9, 11, 14, 15, 16, 18, 19, 20, 21, 22, 24, 34, 35, 41, 42, 44, 48, 90, 117, 159, 183, 206], "summary": {"covered_lines": 24, "num_statements": 24, "percent_covered": 100.0, "percent_covered_display": "100", "missing_lines": 0, "excluded_lines": 0}, "missing_lines": [], "excluded_lines": []}}, "classes": {"EntropyResult": {"executed_lines": [25, 26], "summary": {"covered_lines": 2, "num_statements": 2, "percent_covered": 100.0, "percent_covered_display": "100", "missing_lines": 0, "excluded_lines": 0}, "missing_lines": [], "excluded_lines": []}, "EntropyAnalyzer": {"executed_lines": [46, 58, 60, 62, 64, 70, 72, 73, 77, 80, 82, 100, 101, 103, 106, 107, 109, 110, 111, 112, 113, 115, 127, 129, 131, 132, 133, 134, 136, 137, 138, 139, 141, 142, 144, 145, 146, 148, 149, 157, 169, 172, 173, 175, 176, 177, 178, 179, 181], "summary": {"covered_lines": 49, "num_statements": 70, "percent_covered": 70.0, "percent_covered_display": "70", "missing_lines": 21, "excluded_lines": 0}, "missing_lines": [78, 104, 151, 152, 154, 155, 170, 196, 197, 198, 200, 204, 217, 218, 220, 222, 223, 224, 225, 226, 228], "excluded_lines": []}, "": {"executed_lines": [1, 5, 6, 7, 8, 9, 11, 14, 15, 16, 18, 19, 20, 21, 22, 24, 34, 35, 41, 42, 44, 48, 90, 117, 159, 183, 206], "summary": {"covered_lines": 24, "num_statements": 24, "percent_covered": 100.0, "percent_covered_display": "100", "missing_lines": 0, "excluded_lines": 0}, "missing_lines": [], "excluded_lines": []}}}, "r2morph/detection/evasion_scorer.py": {"executed_lines": [1, 5, 6, 7, 9, 12, 13, 14, 16, 17, 18, 19, 20, 21, 23, 24, 33, 34, 44, 46, 53, 64, 66, 67, 68, 69, 71, 78, 91, 102, 104, 105, 106, 107, 108, 110, 111, 113, 116, 118, 131, 132, 134, 135, 136, 138, 141, 142, 144, 145, 146, 147, 149, 151, 152, 154, 156, 158, 160, 173, 175, 176, 177, 178, 180, 181, 183, 184, 186, 202, 203, 204, 206, 220, 221, 222, 224, 225, 226, 227, 229, 231, 232, 234, 235, 237, 240, 242, 244, 246], "summary": {"covered_lines": 87, "num_statements": 117, "percent_covered": 74.35897435897436, "percent_covered_display": "74", "missing_lines": 30, "excluded_lines": 0}, "missing_lines": [114, 139, 187, 189, 190, 191, 192, 194, 195, 197, 198, 200, 238, 256, 258, 259, 261, 262, 264, 265, 267, 268, 272, 273, 274, 275, 276, 277, 279, 281], "excluded_lines": [], "functions": {"EvasionScore.__str__": {"executed_lines": [24], "summary": {"covered_lines": 1, "num_statements": 1, "percent_covered": 100.0, "percent_covered_display": "100", "missing_lines": 0, "excluded_lines": 0}, "missing_lines": [], "excluded_lines": []}, "EvasionScorer.__init__": {"executed_lines": [46], "summary": {"covered_lines": 1, "num_statements": 1, "percent_covered": 100.0, "percent_covered_display": "100", "missing_lines": 0, "excluded_lines": 0}, "missing_lines": [], "excluded_lines": []}, "EvasionScorer.score": {"executed_lines": [64, 66, 67, 68, 69, 71, 78], "summary": {"covered_lines": 7, "num_statements": 7, "percent_covered": 100.0, "percent_covered_display": "100", "missing_lines": 0, "excluded_lines": 0}, "missing_lines": [], "excluded_lines": []}, "EvasionScorer._score_hash_change": {"executed_lines": [102, 104, 110, 111, 113, 116], "summary": {"covered_lines": 6, "num_statements": 7, "percent_covered": 85.71428571428571, "percent_covered_display": "86", "missing_lines": 1, "excluded_lines": 0}, "missing_lines": [114], "excluded_lines": []}, "EvasionScorer._score_hash_change.hash_file": {"executed_lines": [105, 106, 107, 108], "summary": {"covered_lines": 4, "num_statements": 4, "percent_covered": 100.0, "percent_covered_display": "100", "missing_lines": 0, "excluded_lines": 0}, "missing_lines": [], "excluded_lines": []}, "EvasionScorer._score_entropy": {"executed_lines": [131, 132, 134, 151, 152, 154, 156, 158], "summary": {"covered_lines": 8, "num_statements": 8, "percent_covered": 100.0, "percent_covered_display": "100", "missing_lines": 0, "excluded_lines": 0}, "missing_lines": [], "excluded_lines": []}, "EvasionScorer._score_entropy.calc_entropy": {"executed_lines": [135, 136, 138, 141, 142, 144, 145, 146, 147, 149], "summary": {"covered_lines": 10, "num_statements": 11, "percent_covered": 90.9090909090909, "percent_covered_display": "91", "missing_lines": 1, "excluded_lines": 0}, "missing_lines": [139], "excluded_lines": []}, "EvasionScorer._score_structure": {"executed_lines": [173, 175, 176, 177, 178, 180, 181, 183, 184, 186, 202, 203, 204], "summary": {"covered_lines": 13, "num_statements": 23, "percent_covered": 56.52173913043478, "percent_covered_display": "57", "missing_lines": 10, "excluded_lines": 0}, "missing_lines": [187, 189, 190, 191, 192, 194, 195, 197, 198, 200], "excluded_lines": []}, "EvasionScorer._score_signatures": {"executed_lines": [220, 231, 232, 234, 235, 237, 240, 242, 244], "summary": {"covered_lines": 9, "num_statements": 10, "percent_covered": 90.0, "percent_covered_display": "90", "missing_lines": 1, "excluded_lines": 0}, "missing_lines": [238], "excluded_lines": []}, "EvasionScorer._score_signatures.extract_ngrams": {"executed_lines": [221, 222, 224, 225, 226, 227, 229], "summary": {"covered_lines": 7, "num_statements": 7, "percent_covered": 100.0, "percent_covered_display": "100", "missing_lines": 0, "excluded_lines": 0}, "missing_lines": [], "excluded_lines": []}, "EvasionScorer.recommend_improvements": {"executed_lines": [], "summary": {"covered_lines": 0, "num_statements": 17, "percent_covered": 0.0, "percent_covered_display": "0", "missing_lines": 17, "excluded_lines": 0}, "missing_lines": [256, 258, 259, 261, 262, 264, 265, 267, 268, 272, 273, 274, 275, 276, 277, 279, 281], "excluded_lines": []}, "": {"executed_lines": [1, 5, 6, 7, 9, 12, 13, 14, 16, 17, 18, 19, 20, 21, 23, 33, 34, 44, 53, 91, 118, 160, 206, 246], "summary": {"covered_lines": 21, "num_statements": 21, "percent_covered": 100.0, "percent_covered_display": "100", "missing_lines": 0, "excluded_lines": 0}, "missing_lines": [], "excluded_lines": []}}, "classes": {"EvasionScore": {"executed_lines": [24], "summary": {"covered_lines": 1, "num_statements": 1, "percent_covered": 100.0, "percent_covered_display": "100", "missing_lines": 0, "excluded_lines": 0}, "missing_lines": [], "excluded_lines": []}, "EvasionScorer": {"executed_lines": [46, 64, 66, 67, 68, 69, 71, 78, 102, 104, 105, 106, 107, 108, 110, 111, 113, 116, 131, 132, 134, 135, 136, 138, 141, 142, 144, 145, 146, 147, 149, 151, 152, 154, 156, 158, 173, 175, 176, 177, 178, 180, 181, 183, 184, 186, 202, 203, 204, 220, 221, 222, 224, 225, 226, 227, 229, 231, 232, 234, 235, 237, 240, 242, 244], "summary": {"covered_lines": 65, "num_statements": 95, "percent_covered": 68.42105263157895, "percent_covered_display": "68", "missing_lines": 30, "excluded_lines": 0}, "missing_lines": [114, 139, 187, 189, 190, 191, 192, 194, 195, 197, 198, 200, 238, 256, 258, 259, 261, 262, 264, 265, 267, 268, 272, 273, 274, 275, 276, 277, 279, 281], "excluded_lines": []}, "": {"executed_lines": [1, 5, 6, 7, 9, 12, 13, 14, 16, 17, 18, 19, 20, 21, 23, 33, 34, 44, 53, 91, 118, 160, 206, 246], "summary": {"covered_lines": 21, "num_statements": 21, "percent_covered": 100.0, "percent_covered_display": "100", "missing_lines": 0, "excluded_lines": 0}, "missing_lines": [], "excluded_lines": []}}}, "r2morph/detection/similarity_hasher.py": {"executed_lines": [1, 5, 6, 7, 9, 12, 13, 20, 22, 23, 25, 28, 38, 39, 40, 41, 42, 44, 54, 59, 60, 62, 65, 67, 77, 78, 82, 83, 84, 85, 92, 117, 128, 129, 133, 134, 135, 137, 138, 144, 146, 157, 159, 164, 165, 166, 168, 169, 171, 173, 175, 186, 187, 188, 190, 193, 194, 196], "summary": {"covered_lines": 56, "num_statements": 74, "percent_covered": 75.67567567567568, "percent_covered_display": "76", "missing_lines": 18, "excluded_lines": 0}, "missing_lines": [26, 63, 87, 88, 90, 102, 103, 107, 108, 109, 110, 112, 113, 115, 139, 141, 142, 191], "excluded_lines": [], "functions": {"SimilarityHasher.__init__": {"executed_lines": [22, 23, 25], "summary": {"covered_lines": 3, "num_statements": 4, "percent_covered": 75.0, "percent_covered_display": "75", "missing_lines": 1, "excluded_lines": 0}, "missing_lines": [26], "excluded_lines": []}, "SimilarityHasher._check_tool": {"executed_lines": [38, 39, 40, 41, 42], "summary": {"covered_lines": 5, "num_statements": 5, "percent_covered": 100.0, "percent_covered_display": "100", "missing_lines": 0, "excluded_lines": 0}, "missing_lines": [], "excluded_lines": []}, "SimilarityHasher.hash_file": {"executed_lines": [54, 59, 60, 62, 65], "summary": {"covered_lines": 5, "num_statements": 6, "percent_covered": 83.33333333333333, "percent_covered_display": "83", "missing_lines": 1, "excluded_lines": 0}, "missing_lines": [63], "excluded_lines": []}, "SimilarityHasher._ssdeep_hash": {"executed_lines": [77, 78, 82, 83, 84, 85], "summary": {"covered_lines": 6, "num_statements": 9, "percent_covered": 66.66666666666667, "percent_covered_display": "67", "missing_lines": 3, "excluded_lines": 0}, "missing_lines": [87, 88, 90], "excluded_lines": []}, "SimilarityHasher._tlsh_hash": {"executed_lines": [], "summary": {"covered_lines": 0, "num_statements": 9, "percent_covered": 0.0, "percent_covered_display": "0", "missing_lines": 9, "excluded_lines": 0}, "missing_lines": [102, 103, 107, 108, 109, 110, 112, 113, 115], "excluded_lines": []}, "SimilarityHasher.compare_ssdeep": {"executed_lines": [128, 129, 133, 134, 135, 137, 138, 144], "summary": {"covered_lines": 8, "num_statements": 11, "percent_covered": 72.72727272727273, "percent_covered_display": "73", "missing_lines": 3, "excluded_lines": 0}, "missing_lines": [139, 141, 142], "excluded_lines": []}, "SimilarityHasher.compare_files": {"executed_lines": [157, 159, 164, 165, 166, 168, 169, 171, 173], "summary": {"covered_lines": 9, "num_statements": 9, "percent_covered": 100.0, "percent_covered_display": "100", "missing_lines": 0, "excluded_lines": 0}, "missing_lines": [], "excluded_lines": []}, "SimilarityHasher._byte_similarity": {"executed_lines": [186, 187, 188, 190, 193, 194, 196], "summary": {"covered_lines": 7, "num_statements": 8, "percent_covered": 87.5, "percent_covered_display": "88", "missing_lines": 1, "excluded_lines": 0}, "missing_lines": [191], "excluded_lines": []}, "": {"executed_lines": [1, 5, 6, 7, 9, 12, 13, 20, 28, 44, 67, 92, 117, 146, 175], "summary": {"covered_lines": 13, "num_statements": 13, "percent_covered": 100.0, "percent_covered_display": "100", "missing_lines": 0, "excluded_lines": 0}, "missing_lines": [], "excluded_lines": []}}, "classes": {"SimilarityHasher": {"executed_lines": [22, 23, 25, 38, 39, 40, 41, 42, 54, 59, 60, 62, 65, 77, 78, 82, 83, 84, 85, 128, 129, 133, 134, 135, 137, 138, 144, 157, 159, 164, 165, 166, 168, 169, 171, 173, 186, 187, 188, 190, 193, 194, 196], "summary": {"covered_lines": 43, "num_statements": 61, "percent_covered": 70.49180327868852, "percent_covered_display": "70", "missing_lines": 18, "excluded_lines": 0}, "missing_lines": [26, 63, 87, 88, 90, 102, 103, 107, 108, 109, 110, 112, 113, 115, 139, 141, 142, 191], "excluded_lines": []}, "": {"executed_lines": [1, 5, 6, 7, 9, 12, 13, 20, 28, 44, 67, 92, 117, 146, 175], "summary": {"covered_lines": 13, "num_statements": 13, "percent_covered": 100.0, "percent_covered_display": "100", "missing_lines": 0, "excluded_lines": 0}, "missing_lines": [], "excluded_lines": []}}}, "r2morph/mutations/__init__.py": {"executed_lines": [1, 5, 6, 7, 8, 9, 10, 12], "summary": {"covered_lines": 7, "num_statements": 7, "percent_covered": 100.0, "percent_covered_display": "100", "missing_lines": 0, "excluded_lines": 0}, "missing_lines": [], "excluded_lines": [], "functions": {"": {"executed_lines": [1, 5, 6, 7, 8, 9, 10, 12], "summary": {"covered_lines": 7, "num_statements": 7, "percent_covered": 100.0, "percent_covered_display": "100", "missing_lines": 0, "excluded_lines": 0}, "missing_lines": [], "excluded_lines": []}}, "classes": {"": {"executed_lines": [1, 5, 6, 7, 8, 9, 10, 12], "summary": {"covered_lines": 7, "num_statements": 7, "percent_covered": 100.0, "percent_covered_display": "100", "missing_lines": 0, "excluded_lines": 0}, "missing_lines": [], "excluded_lines": []}}}, "r2morph/mutations/arm_expansion_rules.py": {"executed_lines": [], "summary": {"covered_lines": 0, "num_statements": 15, "percent_covered": 0.0, "percent_covered_display": "0", "missing_lines": 15, "excluded_lines": 0}, "missing_lines": [7, 56, 114, 137, 148, 149, 150, 151, 153, 156, 184, 193, 204, 205, 207], "excluded_lines": [], "functions": {"get_arm_expansion_rules": {"executed_lines": [], "summary": {"covered_lines": 0, "num_statements": 5, "percent_covered": 0.0, "percent_covered_display": "0", "missing_lines": 5, "excluded_lines": 0}, "missing_lines": [148, 149, 150, 151, 153], "excluded_lines": []}, "get_arm_calling_convention": {"executed_lines": [], "summary": {"covered_lines": 0, "num_statements": 3, "percent_covered": 0.0, "percent_covered_display": "0", "missing_lines": 3, "excluded_lines": 0}, "missing_lines": [204, 205, 207], "excluded_lines": []}, "": {"executed_lines": [], "summary": {"covered_lines": 0, "num_statements": 7, "percent_covered": 0.0, "percent_covered_display": "0", "missing_lines": 7, "excluded_lines": 0}, "missing_lines": [7, 56, 114, 137, 156, 184, 193], "excluded_lines": []}}, "classes": {"": {"executed_lines": [], "summary": {"covered_lines": 0, "num_statements": 15, "percent_covered": 0.0, "percent_covered_display": "0", "missing_lines": 15, "excluded_lines": 0}, "missing_lines": [7, 56, 114, 137, 148, 149, 150, 151, 153, 156, 184, 193, 204, 205, 207], "excluded_lines": []}}}, "r2morph/mutations/arm_rules.py": {"executed_lines": [], "summary": {"covered_lines": 0, "num_statements": 9, "percent_covered": 0.0, "percent_covered_display": "0", "missing_lines": 9, "excluded_lines": 0}, "missing_lines": [7, 128, 228, 254, 265, 266, 267, 268, 270], "excluded_lines": [], "functions": {"get_arm_rules": {"executed_lines": [], "summary": {"covered_lines": 0, "num_statements": 5, "percent_covered": 0.0, "percent_covered_display": "0", "missing_lines": 5, "excluded_lines": 0}, "missing_lines": [265, 266, 267, 268, 270], "excluded_lines": []}, "": {"executed_lines": [], "summary": {"covered_lines": 0, "num_statements": 4, "percent_covered": 0.0, "percent_covered_display": "0", "missing_lines": 4, "excluded_lines": 0}, "missing_lines": [7, 128, 228, 254], "excluded_lines": []}}, "classes": {"": {"executed_lines": [], "summary": {"covered_lines": 0, "num_statements": 9, "percent_covered": 0.0, "percent_covered_display": "0", "missing_lines": 9, "excluded_lines": 0}, "missing_lines": [7, 128, 228, 254, 265, 266, 267, 268, 270], "excluded_lines": []}}}, "r2morph/mutations/base.py": {"executed_lines": [1, 5, 6, 7, 9, 11, 14, 15, 29, 37, 38, 39, 40, 42, 43, 57, 67, 71, 73, 74, 75, 76, 77, 78, 79, 81, 86, 91, 95], "summary": {"covered_lines": 26, "num_statements": 34, "percent_covered": 76.47058823529412, "percent_covered_display": "76", "missing_lines": 8, "excluded_lines": 2}, "missing_lines": [55, 68, 69, 83, 84, 88, 89, 93], "excluded_lines": [95, 96], "functions": {"MutationPass.__init__": {"executed_lines": [37, 38, 39, 40], "summary": {"covered_lines": 4, "num_statements": 4, "percent_covered": 100.0, "percent_covered_display": "100", "missing_lines": 0, "excluded_lines": 0}, "missing_lines": [], "excluded_lines": []}, "MutationPass.apply": {"executed_lines": [], "summary": {"covered_lines": 0, "num_statements": 1, "percent_covered": 0.0, "percent_covered_display": "0", "missing_lines": 1, "excluded_lines": 0}, "missing_lines": [55], "excluded_lines": []}, "MutationPass.run": {"executed_lines": [67, 71, 73, 74, 75, 76, 77, 78, 79], "summary": {"covered_lines": 9, "num_statements": 11, "percent_covered": 81.81818181818181, "percent_covered_display": "82", "missing_lines": 2, "excluded_lines": 0}, "missing_lines": [68, 69], "excluded_lines": []}, "MutationPass.enable": {"executed_lines": [], "summary": {"covered_lines": 0, "num_statements": 2, "percent_covered": 0.0, "percent_covered_display": "0", "missing_lines": 2, "excluded_lines": 0}, "missing_lines": [83, 84], "excluded_lines": []}, "MutationPass.disable": {"executed_lines": [], "summary": {"covered_lines": 0, "num_statements": 2, "percent_covered": 0.0, "percent_covered_display": "0", "missing_lines": 2, "excluded_lines": 0}, "missing_lines": [88, 89], "excluded_lines": []}, "MutationPass.get_stats": {"executed_lines": [], "summary": {"covered_lines": 0, "num_statements": 1, "percent_covered": 0.0, "percent_covered_display": "0", "missing_lines": 1, "excluded_lines": 0}, "missing_lines": [93], "excluded_lines": []}, "MutationPass.__repr__": {"executed_lines": [], "summary": {"covered_lines": 0, "num_statements": 0, "percent_covered": 100.0, "percent_covered_display": "100", "missing_lines": 0, "excluded_lines": 1}, "missing_lines": [], "excluded_lines": [96]}, "": {"executed_lines": [1, 5, 6, 7, 9, 11, 14, 15, 29, 42, 43, 57, 81, 86, 91, 95], "summary": {"covered_lines": 13, "num_statements": 13, "percent_covered": 100.0, "percent_covered_display": "100", "missing_lines": 0, "excluded_lines": 1}, "missing_lines": [], "excluded_lines": [95]}}, "classes": {"MutationPass": {"executed_lines": [37, 38, 39, 40, 67, 71, 73, 74, 75, 76, 77, 78, 79], "summary": {"covered_lines": 13, "num_statements": 21, "percent_covered": 61.904761904761905, "percent_covered_display": "62", "missing_lines": 8, "excluded_lines": 1}, "missing_lines": [55, 68, 69, 83, 84, 88, 89, 93], "excluded_lines": [96]}, "": {"executed_lines": [1, 5, 6, 7, 9, 11, 14, 15, 29, 42, 43, 57, 81, 86, 91, 95], "summary": {"covered_lines": 13, "num_statements": 13, "percent_covered": 100.0, "percent_covered_display": "100", "missing_lines": 0, "excluded_lines": 1}, "missing_lines": [], "excluded_lines": [95]}}}, "r2morph/mutations/block_reordering.py": {"executed_lines": [1, 9, 10, 11, 13, 14, 16, 19, 20, 40, 47, 48, 49, 50, 52, 63, 64, 66, 69, 72, 74, 84, 86, 87, 88, 89, 93, 104, 106, 107, 108, 110, 112, 122, 126, 127, 128, 129, 130, 132, 134, 135, 136, 138, 139, 140, 141, 142, 144, 145, 147, 149, 150, 152, 153, 155, 156, 158, 160, 162, 164, 165, 168, 169, 171, 172, 173, 174, 176, 177, 179, 180, 182, 183, 184, 185, 187, 188, 189, 191, 194, 198, 199, 203, 205, 206, 207, 209, 210, 212, 213, 214, 216, 217, 219, 220, 221, 222, 223, 228, 229, 231, 232, 233, 235, 236, 238, 239, 241, 242, 243, 244, 245, 249, 250, 251, 252, 257, 259, 264], "summary": {"covered_lines": 118, "num_statements": 131, "percent_covered": 90.07633587786259, "percent_covered_display": "90", "missing_lines": 13, "excluded_lines": 0}, "missing_lines": [67, 70, 91, 123, 124, 166, 200, 201, 224, 225, 226, 246, 247], "excluded_lines": [], "functions": {"BlockReorderingPass.__init__": {"executed_lines": [47, 48, 49, 50], "summary": {"covered_lines": 4, "num_statements": 4, "percent_covered": 100.0, "percent_covered_display": "100", "missing_lines": 0, "excluded_lines": 0}, "missing_lines": [], "excluded_lines": []}, "BlockReorderingPass._can_reorder_function": {"executed_lines": [63, 64, 66, 69, 72], "summary": {"covered_lines": 5, "num_statements": 7, "percent_covered": 71.42857142857143, "percent_covered_display": "71", "missing_lines": 2, "excluded_lines": 0}, "missing_lines": [67, 70], "excluded_lines": []}, "BlockReorderingPass._generate_reordering": {"executed_lines": [84, 86, 87, 88, 89], "summary": {"covered_
[...]
143, 144, 179, 203, 205, 208, 210, 212, 214, 223, 225, 226, 233, 247, 248, 249], "summary": {"covered_lines": 50, "num_statements": 72, "percent_covered": 69.44444444444444, "percent_covered_display": "69", "missing_lines": 22, "excluded_lines": 0}, "missing_lines": [43, 45, 93, 133, 134, 137, 138, 157, 159, 161, 162, 163, 165, 166, 168, 170, 188, 189, 191, 206, 228, 229], "excluded_lines": []}, "": {"executed_lines": [1, 5, 6, 7, 8, 9, 10, 11, 13, 16, 17, 18, 20, 21, 22, 23, 24, 27, 28, 35, 60, 81, 114, 146, 172, 181, 193, 216, 231], "summary": {"covered_lines": 26, "num_statements": 26, "percent_covered": 100.0, "percent_covered_display": "100", "missing_lines": 0, "excluded_lines": 0}, "missing_lines": [], "excluded_lines": []}}}, "r2morph/utils/__init__.py": {"executed_lines": [1, 5, 7], "summary": {"covered_lines": 2, "num_statements": 2, "percent_covered": 100.0, "percent_covered_display": "100", "missing_lines": 0, "excluded_lines": 0}, "missing_lines": [], "excluded_lines": [], "functions": {"": {"executed_lines": [1, 5, 7], "summary": {"covered_lines": 2, "num_statements": 2, "percent_covered": 100.0, "percent_covered_display": "100", "missing_lines": 0, "excluded_lines": 0}, "missing_lines": [], "excluded_lines": []}}, "classes": {"": {"executed_lines": [1, 5, 7], "summary": {"covered_lines": 2, "num_statements": 2, "percent_covered": 100.0, "percent_covered_display": "100", "missing_lines": 0, "excluded_lines": 0}, "missing_lines": [], "excluded_lines": []}}}, "r2morph/utils/assembler.py": {"executed_lines": [1, 7, 9, 12, 13, 19, 26, 28, 46, 47, 50, 52, 53, 54, 59, 60, 61, 63, 77, 79, 80, 81, 82, 83, 88, 98, 99, 101, 130, 155], "summary": {"covered_lines": 28, "num_statements": 41, "percent_covered": 68.29268292682927, "percent_covered_display": "68", "missing_lines": 13, "excluded_lines": 0}, "missing_lines": [48, 56, 57, 84, 86, 118, 119, 121, 123, 125, 126, 127, 168], "excluded_lines": [], "functions": {"R2Assembler.__init__": {"executed_lines": [26], "summary": {"covered_lines": 1, "num_statements": 1, "percent_covered": 100.0, "percent_covered_display": "100", "missing_lines": 0, "excluded_lines": 0}, "missing_lines": [], "excluded_lines": []}, "R2Assembler.assemble": {"executed_lines": [46, 47, 50, 52, 53, 54, 59, 60, 61], "summary": {"covered_lines": 9, "num_statements": 12, "percent_covered": 75.0, "percent_covered_display": "75", "missing_lines": 3, "excluded_lines": 0}, "missing_lines": [48, 56, 57], "excluded_lines": []}, "R2Assembler.assemble_multiple": {"executed_lines": [77, 79, 80, 81, 82, 83], "summary": {"covered_lines": 6, "num_statements": 8, "percent_covered": 75.0, "percent_covered_display": "75", "missing_lines": 2, "excluded_lines": 0}, "missing_lines": [84, 86], "excluded_lines": []}, "R2Assembler.get_instruction_size": {"executed_lines": [98, 99], "summary": {"covered_lines": 2, "num_statements": 2, "percent_covered": 100.0, "percent_covered_display": "100", "missing_lines": 0, "excluded_lines": 0}, "missing_lines": [], "excluded_lines": []}, "R2Assembler.disassemble": {"executed_lines": [], "summary": {"covered_lines": 0, "num_statements": 7, "percent_covered": 0.0, "percent_covered_display": "0", "missing_lines": 7, "excluded_lines": 0}, "missing_lines": [118, 119, 121, 123, 125, 126, 127], "excluded_lines": []}, "get_common_opcode": {"executed_lines": [], "summary": {"covered_lines": 0, "num_statements": 1, "percent_covered": 0.0, "percent_covered_display": "0", "missing_lines": 1, "excluded_lines": 0}, "missing_lines": [168], "excluded_lines": []}, "": {"executed_lines": [1, 7, 9, 12, 13, 19, 28, 63, 88, 101, 130, 155], "summary": {"covered_lines": 10, "num_statements": 10, "percent_covered": 100.0, "percent_covered_display": "100", "missing_lines": 0, "excluded_lines": 0}, "missing_lines": [], "excluded_lines": []}}, "classes": {"R2Assembler": {"executed_lines": [26, 46, 47, 50, 52, 53, 54, 59, 60, 61, 77, 79, 80, 81, 82, 83, 98, 99], "summary": {"covered_lines": 18, "num_statements": 30, "percent_covered": 60.0, "percent_covered_display": "60", "missing_lines": 12, "excluded_lines": 0}, "missing_lines": [48, 56, 57, 84, 86, 118, 119, 121, 123, 125, 126, 127], "excluded_lines": []}, "": {"executed_lines": [1, 7, 9, 12, 13, 19, 28, 63, 88, 101, 130, 155], "summary": {"covered_lines": 10, "num_statements": 11, "percent_covered": 90.9090909090909, "percent_covered_display": "91", "missing_lines": 1, "excluded_lines": 0}, "missing_lines": [168], "excluded_lines": []}}}, "r2morph/utils/logging.py": {"executed_lines": [1, 5, 6, 9, 17, 19, 20, 22, 24, 25, 27, 31, 32, 34, 35, 36, 37, 38, 40], "summary": {"covered_lines": 18, "num_statements": 18, "percent_covered": 100.0, "percent_covered_display": "100", "missing_lines": 0, "excluded_lines": 0}, "missing_lines": [], "excluded_lines": [], "functions": {"setup_logging": {"executed_lines": [17, 19, 20, 22, 24, 25, 27, 31, 32, 34, 35, 36, 37, 38, 40], "summary": {"covered_lines": 15, "num_statements": 15, "percent_covered": 100.0, "percent_covered_display": "100", "missing_lines": 0, "excluded_lines": 0}, "missing_lines": [], "excluded_lines": []}, "": {"executed_lines": [1, 5, 6, 9], "summary": {"covered_lines": 3, "num_statements": 3, "percent_covered": 100.0, "percent_covered_display": "100", "missing_lines": 0, "excluded_lines": 0}, "missing_lines": [], "excluded_lines": []}}, "classes": {"": {"executed_lines": [1, 5, 6, 9, 17, 19, 20, 22, 24, 25, 27, 31, 32, 34, 35, 36, 37, 38, 40], "summary": {"covered_lines": 18, "num_statements": 18, "percent_covered": 100.0, "percent_covered_display": "100", "missing_lines": 0, "excluded_lines": 0}, "missing_lines": [], "excluded_lines": []}}}, "r2morph/validation/__init__.py": {"executed_lines": [1, 5, 6, 7, 9], "summary": {"covered_lines": 4, "num_statements": 4, "percent_covered": 100.0, "percent_covered_display": "100", "missing_lines": 0, "excluded_lines": 0}, "missing_lines": [], "excluded_lines": [], "functions": {"": {"executed_lines": [1, 5, 6, 7, 9], "summary": {"covered_lines": 4, "num_statements": 4, "percent_covered": 100.0, "percent_covered_display": "100", "missing_lines": 0, "excluded_lines": 0}, "missing_lines": [], "excluded_lines": []}}, "classes": {"": {"executed_lines": [1, 5, 6, 7, 9], "summary": {"covered_lines": 4, "num_statements": 4, "percent_covered": 100.0, "percent_covered_display": "100", "missing_lines": 0, "excluded_lines": 0}, "missing_lines": [], "excluded_lines": []}}}, "r2morph/validation/fuzzer.py": {"executed_lines": [1, 5, 6, 7, 8, 9, 11, 13, 16, 17, 18, 20, 21, 22, 23, 24, 25, 27, 28, 30, 32, 33, 43, 44, 50, 58, 59, 60, 62, 76, 78, 79, 80, 81, 82, 84, 85, 87, 89, 91, 92, 94, 97, 99, 100, 103, 105, 108, 117, 118, 120, 130, 132, 133, 135, 136, 138, 141, 142, 148, 153, 167, 169, 170, 171, 172, 173, 175, 176, 177, 184, 186, 188, 189, 191, 194, 196, 197, 199], "summary": {"covered_lines": 76, "num_statements": 82, "percent_covered": 92.6829268292683, "percent_covered_display": "93", "missing_lines": 6, "excluded_lines": 0}, "missing_lines": [95, 101, 106, 139, 151, 192], "excluded_lines": [], "functions": {"FuzzResult.success_rate": {"executed_lines": [30], "summary": {"covered_lines": 1, "num_statements": 1, "percent_covered": 100.0, "percent_covered_display": "100", "missing_lines": 0, "excluded_lines": 0}, "missing_lines": [], "excluded_lines": []}, "FuzzResult.__str__": {"executed_lines": [33], "summary": {"covered_lines": 1, "num_statements": 1, "percent_covered": 100.0, "percent_covered_display": "100", "missing_lines": 0, "excluded_lines": 0}, "missing_lines": [], "excluded_lines": []}, "MutationFuzzer.__init__": {"executed_lines": [58, 59, 60], "summary": {"covered_lines": 3, "num_statements": 3, "percent_covered": 100.0, "percent_covered_display": "100", "missing_lines": 0, "excluded_lines": 0}, "missing_lines": [], "excluded_lines": []}, "MutationFuzzer.fuzz": {"executed_lines": [76, 78, 79, 80, 81, 82, 84, 85, 87, 89, 91, 92, 94, 97, 99, 100, 103, 105, 108, 117, 118], "summary": {"covered_lines": 21, "num_statements": 24, "percent_covered": 87.5, "percent_covered_display": "88", "missing_lines": 3, "excluded_lines": 0}, "missing_lines": [95, 101, 106], "excluded_lines": []}, "MutationFuzzer._generate_input": {"executed_lines": [130, 132, 133, 135, 136, 138, 141, 142, 148], "summary": {"covered_lines": 9, "num_statements": 11, "percent_covered": 81.81818181818181, "percent_covered_display": "82", "missing_lines": 2, "excluded_lines": 0}, "missing_lines": [139, 151], "excluded_lines": []}, "MutationFuzzer.fuzz_with_args": {"executed_lines": [167, 169, 170, 171, 172, 173, 175, 176, 177, 184, 186, 188, 189, 191, 194, 196, 197, 199], "summary": {"covered_lines": 18, "num_statements": 19, "percent_covered": 94.73684210526316, "percent_covered_display": "95", "missing_lines": 1, "excluded_lines": 0}, "missing_lines": [192], "excluded_lines": []}, "": {"executed_lines": [1, 5, 6, 7, 8, 9, 11, 13, 16, 17, 18, 20, 21, 22, 23, 24, 25, 27, 28, 32, 43, 44, 50, 62, 120, 153], "summary": {"covered_lines": 23, "num_statements": 23, "percent_covered": 100.0, "percent_covered_display": "100", "missing_lines": 0, "excluded_lines": 0}, "missing_lines": [], "excluded_lines": []}}, "classes": {"FuzzResult": {"executed_lines": [30, 33], "summary": {"covered_lines": 2, "num_statements": 2, "percent_covered": 100.0, "percent_covered_display": "100", "missing_lines": 0, "excluded_lines": 0}, "missing_lines": [], "excluded_lines": []}, "MutationFuzzer": {"executed_lines": [58, 59, 60, 76, 78, 79, 80, 81, 82, 84, 85, 87, 89, 91, 92, 94, 97, 99, 100, 103, 105, 108, 117, 118, 130, 132, 133, 135, 136, 138, 141, 142, 148, 167, 169, 170, 171, 172, 173, 175, 176, 177, 184, 186, 188, 189, 191, 194, 196, 197, 199], "summary": {"covered_lines": 51, "num_statements": 57, "percent_covered": 89.47368421052632, "percent_covered_display": "89", "missing_lines": 6, "excluded_lines": 0}, "missing_lines": [95, 101, 106, 139, 151, 192], "excluded_lines": []}, "": {"executed_lines": [1, 5, 6, 7, 8, 9, 11, 13, 16, 17, 18, 20, 21, 22, 23, 24, 25, 27, 28, 32, 43, 44, 50, 62, 120, 153], "summary": {"covered_lines": 23, "num_statements": 23, "percent_covered": 100.0, "percent_covered_display": "100", "missing_lines": 0, "excluded_lines": 0}, "missing_lines": [], "excluded_lines": []}}}, "r2morph/validation/regression.py": {"executed_lines": [1, 5, 6, 7, 8, 9, 10, 12, 14, 17, 18, 19, 21, 22, 23, 24, 25, 27, 32, 33, 34, 36, 37, 38, 39, 40, 41, 42, 44, 46, 58, 59, 66, 73, 74, 75, 77, 102, 120, 127, 129, 139, 141, 143, 144, 146, 147, 148, 149, 150, 151, 153, 154, 156, 157, 159, 162, 163, 165, 167, 173, 174, 175, 177, 179, 180, 182, 190, 225, 232, 234, 235, 236, 237, 239, 240, 242, 244, 246, 253, 256, 258, 266, 267, 269, 271, 281, 289, 297, 298, 299], "summary": {"covered_lines": 87, "num_statements": 110, "percent_covered": 79.0909090909091, "percent_covered_display": "79", "missing_lines": 23, "excluded_lines": 0}, "missing_lines": [29, 84, 85, 87, 88, 89, 91, 93, 94, 96, 97, 98, 100, 160, 168, 169, 200, 201, 203, 205, 215, 254, 301], "excluded_lines": [], "functions": {"RegressionTest.to_dict": {"executed_lines": [], "summary": {"covered_lines": 0, "num_statements": 1, "percent_covered": 0.0, "percent_covered_display": "0", "missing_lines": 1, "excluded_lines": 0}, "missing_lines": [29], "excluded_lines": []}, "RegressionResult.to_dict": {"executed_lines": [46], "summary": {"covered_lines": 1, "num_statements": 1, "percent_covered": 100.0, "percent_covered_display": "100", "missing_lines": 0, "excluded_lines": 0}, "missing_lines": [], "excluded_lines": []}, "RegressionTester.__init__": {"executed_lines": [73, 74, 75], "summary": {"covered_lines": 3, "num_statements": 3, "percent_covered": 100.0, "percent_covered_display": "100", "missing_lines": 0, "excluded_lines": 0}, "missing_lines": [], "excluded_lines": []}, "RegressionTester.load_tests": {"executed_lines": [], "summary": {"covered_lines": 0, "num_statements": 12, "percent_covered": 0.0, "percent_covered_display": "0", "missing_lines": 12, "excluded_lines": 0}, "missing_lines": [84, 85, 87, 88, 89, 91, 93, 94, 96, 97, 98, 100], "excluded_lines": []}, "RegressionTester.add_test": {"executed_lines": [120, 127], "summary": {"covered_lines": 2, "num_statements": 2, "percent_covered": 100.0, "percent_covered_display": "100", "missing_lines": 0, "excluded_lines": 0}, "missing_lines": [], "excluded_lines": []}, "RegressionTester.run_test": {"executed_lines": [139, 141, 143, 144, 146, 147, 148, 149, 150, 151, 153, 154, 156, 157, 159, 162, 163, 165, 167, 173, 174, 175, 177, 179, 180, 182, 190], "summary": {"covered_lines": 27, "num_statements": 35, "percent_covered": 77.14285714285714, "percent_covered_display": "77", "missing_lines": 8, "excluded_lines": 0}, "missing_lines": [160, 168, 169, 200, 201, 203, 205, 215], "excluded_lines": []}, "RegressionTester.run_all": {"executed_lines": [232, 234, 235, 236, 237, 239, 240, 242, 244], "summary": {"covered_lines": 9, "num_statements": 9, "percent_covered": 100.0, "percent_covered_display": "100", "missing_lines": 0, "excluded_lines": 0}, "missing_lines": [], "excluded_lines": []}, "RegressionTester.save_results": {"executed_lines": [253, 256, 258, 266, 267, 269], "summary": {"covered_lines": 6, "num_statements": 7, "percent_covered": 85.71428571428571, "percent_covered_display": "86", "missing_lines": 1, "excluded_lines": 0}, "missing_lines": [254], "excluded_lines": []}, "RegressionTester._get_mutation_pass": {"executed_lines": [281, 289, 297, 298, 299], "summary": {"covered_lines": 5, "num_statements": 6, "percent_covered": 83.33333333333333, "percent_covered_display": "83", "missing_lines": 1, "excluded_lines": 0}, "missing_lines": [301], "excluded_lines": []}, "": {"executed_lines": [1, 5, 6, 7, 8, 9, 10, 12, 14, 17, 18, 19, 21, 22, 23, 24, 25, 27, 32, 33, 34, 36, 37, 38, 39, 40, 41, 42, 44, 58, 59, 66, 77, 102, 129, 225, 246, 271], "summary": {"covered_lines": 34, "num_statements": 34, "percent_covered": 100.0, "percent_covered_display": "100", "missing_lines": 0, "excluded_lines": 0}, "missing_lines": [], "excluded_lines": []}}, "classes": {"RegressionTest": {"executed_lines": [], "summary": {"covered_lines": 0, "num_statements": 1, "percent_covered": 0.0, "percent_covered_display": "0", "missing_lines": 1, "excluded_lines": 0}, "missing_lines": [29], "excluded_lines": []}, "RegressionResult": {"executed_lines": [46], "summary": {"covered_lines": 1, "num_statements": 1, "percent_covered": 100.0, "percent_covered_display": "100", "missing_lines": 0, "excluded_lines": 0}, "missing_lines": [], "excluded_lines": []}, "RegressionTester": {"executed_lines": [73, 74, 75, 120, 127, 139, 141, 143, 144, 146, 147, 148, 149, 150, 151, 153, 154, 156, 157, 159, 162, 163, 165, 167, 173, 174, 175, 177, 179, 180, 182, 190, 232, 234, 235, 236, 237, 239, 240, 242, 244, 253, 256, 258, 266, 267, 269, 281, 289, 297, 298, 299], "summary": {"covered_lines": 52, "num_statements": 74, "percent_covered": 70.27027027027027, "percent_covered_display": "70", "missing_lines": 22, "excluded_lines": 0}, "missing_lines": [84, 85, 87, 88, 89, 91, 93, 94, 96, 97, 98, 100, 160, 168, 169, 200, 201, 203, 205, 215, 254, 301], "excluded_lines": []}, "": {"executed_lines": [1, 5, 6, 7, 8, 9, 10, 12, 14, 17, 18, 19, 21, 22, 23, 24, 25, 27, 32, 33, 34, 36, 37, 38, 39, 40, 41, 42, 44, 58, 59, 66, 77, 102, 129, 225, 246, 271], "summary": {"covered_lines": 34, "num_statements": 34, "percent_covered": 100.0, "percent_covered_display": "100", "missing_lines": 0, "excluded_lines": 0}, "missing_lines": [], "excluded_lines": []}}}, "r2morph/validation/validator.py": {"executed_lines": [1, 5, 6, 7, 8, 9, 11, 14, 15, 16, 18, 19, 20, 21, 22, 23, 24, 26, 27, 28, 36, 37, 43, 50, 51, 53, 71, 81, 92, 94, 95, 97, 100, 101, 103, 104, 106, 110, 114, 115, 117, 118, 122, 124, 125, 126, 128, 129, 130, 132, 134, 135, 136, 137, 139, 149, 150, 152, 167, 168, 170, 172, 180, 186, 187, 188, 189, 190, 191, 193, 206, 209, 210, 212, 213, 214, 215, 216, 217, 218, 220, 222, 236, 238, 239, 241], "summary": {"covered_lines": 83, "num_statements": 85, "percent_covered": 97.6470588235294, "percent_covered_display": "98", "missing_lines": 2, "excluded_lines": 0}, "missing_lines": [98, 207], "excluded_lines": [], "functions": {"ValidationResult.__str__": {"executed_lines": [27, 28], "summary": {"covered_lines": 2, "num_statements": 2, "percent_covered": 100.0, "percent_covered_display": "100", "missing_lines": 0, "excluded_lines": 0}, "missing_lines": [], "excluded_lines": []}, "BinaryValidator.__init__": {"executed_lines": [50, 51], "summary": {"covered_lines": 2, "num_statements": 2, "percent_covered": 100.0, "percent_covered_display": "100", "missing_lines": 0, "excluded_lines": 0}, "missing_lines": [], "excluded_lines": []}, "BinaryValidator.add_test_case": {"executed_lines": [71], "summary": {"covered_lines": 1, "num_statements": 1, "percent_covered": 100.0, "percent_covered_display": "100", "missing_lines": 0, "excluded_lines": 0}, "missing_lines": [], "excluded_lines": []}, "BinaryValidator.validate": {"executed_lines": [92, 94, 95, 97, 100, 101, 103, 104, 106, 110, 114, 115, 117, 118, 122, 124, 125, 126, 128, 129, 130, 132, 134, 135, 136, 137, 139, 149, 150], "summary": {"covered_lines": 29, "num_statements": 30, "percent_covered": 96.66666666666667, "percent_covered_display": "97", "missing_lines": 1, "excluded_lines": 0}, "missing_lines": [98], "excluded_lines": []}, "BinaryValidator._run_binary": {"executed_lines": [167, 168, 170, 172, 180, 186, 187, 188, 189, 190, 191], "summary": {"covered_lines": 11, "num_statements": 11, "percent_covered": 100.0, "percent_covered_display": "100", "missing_lines": 0, "excluded_lines": 0}, "missing_lines": [], "excluded_lines": []}, "BinaryValidator._calculate_similarity": {"executed_lines": [206, 209, 210, 212, 213, 214, 215, 216, 217, 218, 220], "summary": {"covered_lines": 11, "num_statements": 12, "percent_covered": 91.66666666666667, "percent_covered_display": "92", "missing_lines": 1, "excluded_lines": 0}, "missing_lines": [207], "excluded_lines": []}, "BinaryValidator.validate_with_inputs": {"executed_lines": [236, 238, 239, 241], "summary": {"covered_lines": 4, "num_statements": 4, "percent_covered": 100.0, "percent_covered_display": "100", "missing_lines": 0, "excluded_lines": 0}, "missing_lines": [], "excluded_lines": []}, "": {"executed_lines": [1, 5, 6, 7, 8, 9, 11, 14, 15, 16, 18, 19, 20, 21, 22, 23, 24, 26, 36, 37, 43, 53, 81, 152, 193, 222], "summary": {"covered_lines": 23, "num_statements": 23, "percent_covered": 100.0, "percent_covered_display": "100", "missing_lines": 0, "excluded_lines": 0}, "missing_lines": [], "excluded_lines": []}}, "classes": {"ValidationResult": {"executed_lines": [27, 28], "summary": {"covered_lines": 2, "num_statements": 2, "percent_covered": 100.0, "percent_covered_display": "100", "missing_lines": 0, "excluded_lines": 0}, "missing_lines": [], "excluded_lines": []}, "BinaryValidator": {"executed_lines": [50, 51, 71, 92, 94, 95, 97, 100, 101, 103, 104, 106, 110, 114, 115, 117, 118, 122, 124, 125, 126, 128, 129, 130, 132, 134, 135, 136, 137, 139, 149, 150, 167, 168, 170, 172, 180, 186, 187, 188, 189, 190, 191, 206, 209, 210, 212, 213, 214, 215, 216, 217, 218, 220, 236, 238, 239, 241], "summary": {"covered_lines": 58, "num_statements": 60, "percent_covered": 96.66666666666667, "percent_covered_display": "97", "missing_lines": 2, "excluded_lines": 0}, "missing_lines": [98, 207], "excluded_lines": []}, "": {"executed_lines": [1, 5, 6, 7, 8, 9, 11, 14, 15, 16, 18, 19, 20, 21, 22, 23, 24, 26, 36, 37, 43, 53, 81, 152, 193, 222], "summary": {"covered_lines": 23, "num_statements": 23, "percent_covered": 100.0, "percent_covered_display": "100", "missing_lines": 0, "excluded_lines": 0}, "missing_lines": [], "excluded_lines": []}}}}, "totals": {"covered_lines": 2169, "num_statements": 3451, "percent_covered": 62.85134743552594, "percent_covered_display": "63", "missing_lines": 1282, "excluded_lines": 28}}